[2026-03-03 00:00:02] ==========================================
[2026-03-03 00:00:02] Starting daily status update
[2026-03-03 00:00:02] Sleeping for 3214 seconds to randomize post time...
[2026-03-03 00:53:36] Generating status image...
[2026-03-03 00:53:36] Image generated successfully
[2026-03-03 00:53:36] Uploading to WhatsApp...
🚀 Starting WhatsApp client...
📂 Auth directory: /home/daniswastaken/dailyearly/auth_info
🖼️ Image path: /home/daniswastaken/dailyearly/final_status.jpg
✅ Connected to WhatsApp!
👤 Authenticated as: Danis Handaru (6285117574096)
📤 Preparing to post status...
📸 Reading image file...
✅ Media prepared
🧹 Clearing text status...
🚀 Sending media to status@broadcast...
✅ Status posted successfully! Message ID: 3EB0980ADAC3E0D9966D62
😴 Waiting 5 seconds before closing...
👋 Closing client...
[2026-03-03 00:54:02] Status posted successfully!
[2026-03-03 00:54:02] ==========================================
[2026-03-05 00:00:02] ==========================================
[2026-03-05 00:00:02] Starting daily status update
[2026-03-05 00:00:02] Sleeping for 1405 seconds to randomize post time...
[2026-03-05 00:23:27] Generating status image...
[2026-03-05 00:23:27] Image generated successfully
[2026-03-05 00:23:27] Uploading to WhatsApp...
🚀 Starting WhatsApp client...
📂 Auth directory: /home/daniswastaken/dailyearly/auth_info
🖼️ Image path: /home/daniswastaken/dailyearly/final_status.jpg
✅ Connected to WhatsApp!
👤 Authenticated as: Danis Handaru (6285117574096)
📤 Preparing to post status...
📸 Reading image file...
✅ Media prepared
🧹 Clearing text status...
🚀 Sending media to status@broadcast...
✅ Status posted successfully! Message ID: 3EB073A264B25A4890528D
😴 Waiting 5 seconds before closing...
👋 Closing client...
[2026-03-05 00:24:02] Status posted successfully!
[2026-03-05 00:24:02] ==========================================
[2026-03-06 00:00:01] ==========================================
[2026-03-06 00:00:01] Starting daily status update
[2026-03-06 00:00:01] Sleeping for 153 seconds to randomize post time...
[2026-03-06 00:02:34] Generating status image...
[2026-03-06 00:02:34] Image generated successfully
[2026-03-06 00:02:34] Uploading to WhatsApp...
🚀 Starting WhatsApp client...
📂 Auth directory: /home/daniswastaken/dailyearly/auth_info
🖼️ Image path: /home/daniswastaken/dailyearly/final_status.jpg
✅ Connected to WhatsApp!
👤 Authenticated as: Danis Handaru (6285117574096)
📤 Preparing to post status...
📸 Reading image file...
✅ Media prepared
🧹 Clearing text status...
🚀 Sending media to status@broadcast...
✅ Status posted successfully! Message ID: 3EB0DA0DA34982C91E4039
😴 Waiting 5 seconds before closing...
👋 Closing client...
[2026-03-06 00:03:01] Status posted successfully!
[2026-03-06 00:03:01] ==========================================
[2026-03-07 00:00:02] ==========================================
[2026-03-07 00:00:02] Starting daily status update
[2026-03-07 00:00:02] Sleeping for 3335 seconds to randomize post time...
[2026-03-07 00:55:37] Generating status image...
[2026-03-07 00:55:37] Image generated successfully
[2026-03-07 00:55:37] Uploading to WhatsApp...
🚀 Starting WhatsApp client...
📂 Auth directory: /home/daniswastaken/dailyearly/auth_info
🖼️ Image path: /home/daniswastaken/dailyearly/final_status.jpg
✅ Connected to WhatsApp!
👤 Authenticated as: Danis Handaru (6285117574096)
📤 Preparing to post status...
📸 Reading image file...
✅ Media prepared
🧹 Clearing text status...
🚀 Sending media to status@broadcast...
✅ Status posted successfully! Message ID: 3EB0C62819AF615E7B0C47
😴 Waiting 5 seconds before closing...
👋 Closing client...
[2026-03-07 00:55:53] Status posted successfully!
[2026-03-07 00:55:53] ==========================================
[2026-03-08 00:00:01] ==========================================
[2026-03-08 00:00:01] Starting daily status update
[2026-03-08 00:00:01] Sleeping for 1065 seconds to randomize post time...
[2026-03-08 00:17:46] Generating status image...
[2026-03-08 00:17:47] Image generated successfully
[2026-03-08 00:17:47] Uploading to WhatsApp...
🚀 Starting WhatsApp client...
📂 Auth directory: /home/daniswastaken/dailyearly/auth_info
🖼️ Image path: /home/daniswastaken/dailyearly/final_status.jpg
✅ Connected to WhatsApp!
👤 Authenticated as: Danis Handaru (6285117574096)
📤 Preparing to post status...
📸 Reading image file...
✅ Media prepared
🧹 Clearing text status...
🚀 Sending media to status@broadcast...
✅ Status posted successfully! Message ID: 3EB059A1AC8E8C73B495F4
😴 Waiting 5 seconds before closing...
👋 Closing client...
[2026-03-08 00:18:12] Status posted successfully!
[2026-03-08 00:18:12] ==========================================
[2026-03-09 00:00:01] ==========================================
[2026-03-09 00:00:01] Starting daily status update
[2026-03-09 00:00:01] Sleeping for 1725 seconds to randomize post time...
[2026-03-09 00:28:46] Generating status image...
[2026-03-09 00:28:46] Image generated successfully
[2026-03-09 00:28:46] Uploading to WhatsApp...
🚀 Starting WhatsApp client...
📂 Auth directory: /home/daniswastaken/dailyearly/auth_info
🖼️ Image path: /home/daniswastaken/dailyearly/final_status.jpg
✅ Connected to WhatsApp!
👤 Authenticated as: Danis Handaru (6285117574096)
📤 Preparing to post status...
📸 Reading image file...
✅ Media prepared
🧹 Clearing text status...
🚀 Sending media to status@broadcast...
✅ Status posted successfully! Message ID: 3EB047BB90BC6B82C1598B
😴 Waiting 5 seconds before closing...
👋 Closing client...
[2026-03-09 00:29:15] Status posted successfully!
[2026-03-09 00:29:15] ==========================================
[2026-03-10 00:00:02] ==========================================
[2026-03-10 00:00:02] Starting daily status update
[2026-03-10 00:00:02] Sleeping for 2801 seconds to randomize post time...
[2026-03-10 00:46:43] Generating status image...
[2026-03-10 00:46:43] Image generated successfully
[2026-03-10 00:46:43] Uploading to WhatsApp...
🚀 Starting WhatsApp client...
📂 Auth directory: /home/daniswastaken/dailyearly/auth_info
🖼️ Image path: /home/daniswastaken/dailyearly/final_status.jpg
✅ Connected to WhatsApp!
👤 Authenticated as: Danis Handaru (6285117574096)
📤 Preparing to post status...
📸 Reading image file...
✅ Media prepared
🧹 Clearing text status...
🚀 Sending media to status@broadcast...
✅ Status posted successfully! Message ID: 3EB0D1C5ED515D6914F6BF
😴 Waiting 5 seconds before closing...
👋 Closing client...
[2026-03-10 00:47:41] Status posted successfully!
[2026-03-10 00:47:41] ==========================================
[2026-03-11 00:00:01] ==========================================
[2026-03-11 00:00:01] Starting daily status update
[2026-03-11 00:00:01] Sleeping for 3580 seconds to randomize post time...
[2026-03-11 00:59:41] Generating status image...
[2026-03-11 00:59:41] Image generated successfully
[2026-03-11 00:59:41] Uploading to WhatsApp...
🚀 Starting WhatsApp client...
📂 Auth directory: /home/daniswastaken/dailyearly/auth_info
🖼️ Image path: /home/daniswastaken/dailyearly/final_status.jpg
✅ Connected to WhatsApp!
👤 Authenticated as: Danis Handaru (6285117574096)
📤 Preparing to post status...
📸 Reading image file...
✅ Media prepared
🧹 Clearing text status...
🚀 Sending media to status@broadcast...
✅ Status posted successfully! Message ID: 3EB0EE92526BF6859992A9
😴 Waiting 5 seconds before closing...
👋 Closing client...
[2026-03-11 01:00:26] Status posted successfully!
[2026-03-11 01:00:26] ==========================================
[2026-03-12 00:00:01] ==========================================
[2026-03-12 00:00:01] Starting daily status update
[2026-03-12 00:00:01] Sleeping for 1590 seconds to randomize post time...
[2026-03-12 00:26:31] Generating status image...
[2026-03-12 00:26:31] Image generated successfully
[2026-03-12 00:26:31] Uploading to WhatsApp...
🚀 Starting WhatsApp client...
📂 Auth directory: /home/daniswastaken/dailyearly/auth_info
🖼️ Image path: /home/daniswastaken/dailyearly/final_status.jpg
✅ Connected to WhatsApp!
👤 Authenticated as: Danis Handaru (6285117574096)
📤 Preparing to post status...
📸 Reading image file...
✅ Media prepared
🧹 Clearing text status...
🚀 Sending media to status@broadcast...
✅ Status posted successfully! Message ID: 3EB0790066A6CD377AD665
😴 Waiting 5 seconds before closing...
👋 Closing client...
[2026-03-12 00:27:07] Status posted successfully!
[2026-03-12 00:27:07] ==========================================
[2026-03-13 00:00:01] ==========================================
[2026-03-13 00:00:01] Starting daily status update
[2026-03-13 00:00:01] Sleeping for 1949 seconds to randomize post time...
[2026-03-13 00:32:30] Generating status image...
[2026-03-13 00:32:30] Image generated successfully
[2026-03-13 00:32:30] Uploading to WhatsApp...
🚀 Starting WhatsApp client...
📂 Auth directory: /home/daniswastaken/dailyearly/auth_info
🖼️ Image path: /home/daniswastaken/dailyearly/final_status.jpg
✅ Connected to WhatsApp!
👤 Authenticated as: Danis Handaru (6285117574096)
📤 Preparing to post status...
📸 Reading image file...
✅ Media prepared
🧹 Clearing text status...
🚀 Sending media to status@broadcast...
✅ Status posted successfully! Message ID: 3EB03399F4B3DA11A9F1D7
😴 Waiting 5 seconds before closing...
👋 Closing client...
[2026-03-13 00:33:19] Status posted successfully!
[2026-03-13 00:33:19] ==========================================
[2026-03-14 00:00:01] ==========================================
[2026-03-14 00:00:01] Starting daily status update
[2026-03-14 00:00:01] Sleeping for 232 seconds to randomize post time...
[2026-03-14 00:03:53] Generating status image...
[2026-03-14 00:03:54] Image generated successfully
[2026-03-14 00:03:54] Uploading to WhatsApp...
🚀 Starting WhatsApp client...
📂 Auth directory: /home/daniswastaken/dailyearly/auth_info
🖼️ Image path: /home/daniswastaken/dailyearly/final_status.jpg
✅ Connected to WhatsApp!
👤 Authenticated as: Danis Handaru (6285117574096)
📤 Preparing to post status...
📸 Reading image file...
✅ Media prepared
🧹 Clearing text status...
🚀 Sending media to status@broadcast...
✅ Status posted successfully! Message ID: 3EB07D316D1A2D322BF56E
😴 Waiting 5 seconds before closing...
👋 Closing client...
[2026-03-14 00:04:32] Status posted successfully!
[2026-03-14 00:04:32] ==========================================
[2026-03-15 00:00:01] ==========================================
[2026-03-15 00:00:01] Starting daily status update
[2026-03-15 00:00:01] Sleeping for 1217 seconds to randomize post time...
[2026-03-15 00:20:18] Generating status image...
[2026-03-15 00:20:18] Image generated successfully
[2026-03-15 00:20:18] Uploading to WhatsApp...
🚀 Starting WhatsApp client...
📂 Auth directory: /home/daniswastaken/dailyearly/auth_info
🖼️ Image path: /home/daniswastaken/dailyearly/final_status.jpg
✅ Connected to WhatsApp!
👤 Authenticated as: Danis Handaru (6285117574096)
📤 Preparing to post status...
📸 Reading image file...
✅ Media prepared
🧹 Clearing text status...
🚀 Sending media to status@broadcast...
✅ Status posted successfully! Message ID: 3EB0E10BBE92CD7A0A9615
😴 Waiting 5 seconds before closing...
👋 Closing client...
[2026-03-15 00:21:13] Status posted successfully!
[2026-03-15 00:21:13] ==========================================
[2026-03-16 00:00:01] ==========================================
[2026-03-16 00:00:01] Starting daily status update
[2026-03-16 00:00:01] Sleeping for 3317 seconds to randomize post time...
[2026-03-16 00:55:18] Generating status image...
[2026-03-16 00:55:18] Image generated successfully
[2026-03-16 00:55:18] Uploading to WhatsApp...
🚀 Starting WhatsApp client...
📂 Auth directory: /home/daniswastaken/dailyearly/auth_info
🖼️ Image path: /home/daniswastaken/dailyearly/final_status.jpg
✅ Connected to WhatsApp!
👤 Authenticated as: Danis Handaru (6285117574096)
📤 Preparing to post status...
📸 Reading image file...
✅ Media prepared
🧹 Clearing text status...
🚀 Sending media to status@broadcast...
✅ Status posted successfully! Message ID: 3EB0E21081C7554201194E
😴 Waiting 5 seconds before closing...
👋 Closing client...
[2026-03-16 00:56:13] Status posted successfully!
[2026-03-16 00:56:13] ==========================================
[2026-03-17 00:00:01] ==========================================
[2026-03-17 00:00:01] Starting daily status update
[2026-03-17 00:00:01] Sleeping for 2238 seconds to randomize post time...
[2026-03-17 00:37:19] Generating status image...
[2026-03-17 00:37:19] Image generated successfully
[2026-03-17 00:37:19] Uploading to WhatsApp...
🚀 Starting WhatsApp client...
📂 Auth directory: /home/daniswastaken/dailyearly/auth_info
🖼️ Image path: /home/daniswastaken/dailyearly/final_status.jpg
✅ Connected to WhatsApp!
👤 Authenticated as: Danis Handaru (6285117574096)
📤 Preparing to post status...
📸 Reading image file...
✅ Media prepared
🧹 Clearing text status...
🚀 Sending media to status@broadcast...
✅ Status posted successfully! Message ID: 3EB0CB7215C351D7BE8149
😴 Waiting 5 seconds before closing...
👋 Closing client...
[2026-03-17 00:37:59] Status posted successfully!
[2026-03-17 00:37:59] ==========================================
[2026-03-18 00:00:01] ==========================================
[2026-03-18 00:00:01] Starting daily status update
[2026-03-18 00:00:01] Sleeping for 118 seconds to randomize post time...
[2026-03-18 00:01:59] Generating status image...
[2026-03-18 00:01:59] Image generated successfully
[2026-03-18 00:01:59] Uploading to WhatsApp...
🚀 Starting WhatsApp client...
📂 Auth directory: /home/daniswastaken/dailyearly/auth_info
🖼️ Image path: /home/daniswastaken/dailyearly/final_status.jpg
✅ Connected to WhatsApp!
👤 Authenticated as: Danis Handaru (6285117574096)
📤 Preparing to post status...
📸 Reading image file...
✅ Media prepared
🧹 Clearing text status...
🚀 Sending media to status@broadcast...
✅ Status posted successfully! Message ID: 3EB04B3E0F94634722F6A8
😴 Waiting 5 seconds before closing...
👋 Closing client...
[2026-03-18 00:02:56] Status posted successfully!
[2026-03-18 00:02:56] ==========================================
[2026-03-26 00:00:01] ==========================================
[2026-03-26 00:00:01] Starting daily status update
[2026-03-26 00:00:01] Sleeping for 3493 seconds to randomize post time...
[2026-03-26 00:58:14] Generating status image...
[2026-03-26 00:58:14] Image generated successfully
[2026-03-26 00:58:14] Uploading to WhatsApp...
🚀 Starting WhatsApp client...
📂 Auth directory: /home/daniswastaken/dailyearly/auth_info
🖼️ Image path: /home/daniswastaken/dailyearly/final_status.jpg
✅ Connected to WhatsApp!
👤 Authenticated as: Danis Handaru (6285117574096)
📤 Preparing to post status...
📸 Reading image file...
✅ Media prepared
🧹 Clearing text status...
🚀 Sending media to status@broadcast...
✅ Status posted successfully! Message ID: 3EB0B8E959F754D35477A4
😴 Waiting 5 seconds before closing...
👋 Closing client...
/home/daniswastaken/dailyearly/node_modules/puppeteer-core/lib/cjs/puppeteer/common/CallbackRegistry.js:82
            this._reject(callback, new Errors_js_1.TargetCloseError('Target closed'));
                                   ^

TargetCloseError: Protocol error (Runtime.callFunctionOn): Target closed
    at CallbackRegistry.clear (/home/daniswastaken/dailyearly/node_modules/puppeteer-core/lib/cjs/puppeteer/common/CallbackRegistry.js:82:36)
    at CdpCDPSession.onClosed (/home/daniswastaken/dailyearly/node_modules/puppeteer-core/lib/cjs/puppeteer/cdp/CdpSession.js:115:25)
    at Connection.onMessage (/home/daniswastaken/dailyearly/node_modules/puppeteer-core/lib/cjs/puppeteer/cdp/Connection.js:149:25)
    at WebSocket.<anonymous> (/home/daniswastaken/dailyearly/node_modules/puppeteer-core/lib/cjs/puppeteer/node/NodeWebSocketTransport.js:43:32)
    at callListener (/home/daniswastaken/dailyearly/node_modules/ws/lib/event-target.js:290:14)
    at WebSocket.onMessage (/home/daniswastaken/dailyearly/node_modules/ws/lib/event-target.js:209:9)
    at WebSocket.emit (node:events:508:28)
    at Receiver.receiverOnMessage (/home/daniswastaken/dailyearly/node_modules/ws/lib/websocket.js:1225:20)
    at Receiver.emit (node:events:508:28)
    at Immediate.<anonymous> (/home/daniswastaken/dailyearly/node_modules/ws/lib/receiver.js:601:16)
    at process.processImmediate (node:internal/timers:504:21) {
  cause: ProtocolError
      at <instance_members_initializer> (/home/daniswastaken/dailyearly/node_modules/puppeteer-core/lib/cjs/puppeteer/common/CallbackRegistry.js:103:14)
      at new Callback (/home/daniswastaken/dailyearly/node_modules/puppeteer-core/lib/cjs/puppeteer/common/CallbackRegistry.js:107:16)
      at CallbackRegistry.create (/home/daniswastaken/dailyearly/node_modules/puppeteer-core/lib/cjs/puppeteer/common/CallbackRegistry.js:25:26)
      at Connection._rawSend (/home/daniswastaken/dailyearly/node_modules/puppeteer-core/lib/cjs/puppeteer/cdp/Connection.js:108:26)
      at CdpCDPSession.send (/home/daniswastaken/dailyearly/node_modules/puppeteer-core/lib/cjs/puppeteer/cdp/CdpSession.js:74:33)
      at #evaluate (/home/daniswastaken/dailyearly/node_modules/puppeteer-core/lib/cjs/puppeteer/cdp/ExecutionContext.js:363:50)
      at ExecutionContext.evaluate (/home/daniswastaken/dailyearly/node_modules/puppeteer-core/lib/cjs/puppeteer/cdp/ExecutionContext.js:277:36)
      at IsolatedWorld.evaluate (/home/daniswastaken/dailyearly/node_modules/puppeteer-core/lib/cjs/puppeteer/cdp/IsolatedWorld.js:100:30)
      at CdpFrame.evaluate (/home/daniswastaken/dailyearly/node_modules/puppeteer-core/lib/cjs/puppeteer/api/Frame.js:362:43)
      at CdpFrame.<anonymous> (/home/daniswastaken/dailyearly/node_modules/puppeteer-core/lib/cjs/puppeteer/util/decorators.js:109:27)
      at CdpPage.evaluate (/home/daniswastaken/dailyearly/node_modules/puppeteer-core/lib/cjs/puppeteer/api/Page.js:826:43)
      at Client.inject (/home/daniswastaken/dailyearly/node_modules/whatsapp-web.js/src/Client.js:124:55)
      at async /home/daniswastaken/dailyearly/node_modules/whatsapp-web.js/src/Client.js:383:13
}

Node.js v24.13.0
[2026-03-26 00:58:57] Status posted successfully!
[2026-03-26 00:58:57] ==========================================
[2026-03-27 00:00:02] ==========================================
[2026-03-27 00:00:02] Starting daily status update
[2026-03-27 00:00:02] Sleeping for 840 seconds to randomize post time...
[2026-03-27 00:14:02] Generating status image...
[2026-03-27 00:14:02] Image generated successfully
[2026-03-27 00:14:02] Uploading to WhatsApp...
🚀 Starting WhatsApp client...
📂 Auth directory: /home/daniswastaken/dailyearly/auth_info
🖼️ Image path: /home/daniswastaken/dailyearly/final_status.jpg
✅ Connected to WhatsApp!
👤 Authenticated as: Danis Handaru (6285117574096)
📤 Preparing to post status...
📸 Reading image file...
✅ Media prepared
🧹 Clearing text status...
🚀 Sending media to status@broadcast...
✅ Status posted successfully! Message ID: 3EB0A26F4886B608F0FED2
😴 Waiting 5 seconds before closing...
👋 Closing client...
[2026-03-27 00:14:25] Status posted successfully!
[2026-03-27 00:14:25] ==========================================
[2026-03-28 00:00:01] ==========================================
[2026-03-28 00:00:01] Starting daily status update
[2026-03-28 00:00:01] Sleeping for 803 seconds to randomize post time...
[2026-03-28 00:13:24] Generating status image...
[2026-03-28 00:13:24] Image generated successfully
[2026-03-28 00:13:24] Uploading to WhatsApp...
🚀 Starting WhatsApp client...
📂 Auth directory: /home/daniswastaken/dailyearly/auth_info
🖼️ Image path: /home/daniswastaken/dailyearly/final_status.jpg
✅ Connected to WhatsApp!
👤 Authenticated as: Danis Handaru (6285117574096)
📤 Preparing to post status...
📸 Reading image file...
✅ Media prepared
🧹 Clearing text status...
🚀 Sending media to status@broadcast...
✅ Status posted successfully! Message ID: 3EB03287FCF2D10FCEDC2E
😴 Waiting 5 seconds before closing...
👋 Closing client...
[2026-03-28 00:13:46] Status posted successfully!
[2026-03-28 00:13:46] ==========================================
[2026-03-29 00:00:01] ==========================================
[2026-03-29 00:00:01] Starting daily status update
[2026-03-29 00:00:01] Sleeping for 3618 seconds to randomize post time...
[2026-03-29 01:00:19] Generating status image...
[2026-03-29 01:00:19] Image generated successfully
[2026-03-29 01:00:19] Uploading to WhatsApp...
🚀 Starting WhatsApp client...
📂 Auth directory: /home/daniswastaken/dailyearly/auth_info
🖼️ Image path: /home/daniswastaken/dailyearly/final_status.jpg
✅ Connected to WhatsApp!
👤 Authenticated as: Danis Handaru (6285117574096)
📤 Preparing to post status...
📸 Reading image file...
✅ Media prepared
🧹 Clearing text status...
✅ Connected to WhatsApp!
👤 Authenticated as: Danis Handaru (6285117574096)
📤 Preparing to post status...
📸 Reading image file...
✅ Media prepared
🧹 Clearing text status...
✅ Connected to WhatsApp!
👤 Authenticated as: Danis Handaru (6285117574096)
📤 Preparing to post status...
📸 Reading image file...
✅ Media prepared
🧹 Clearing text status...
❌ Failed to post status!
❌ Error Name: t
❌ Error Message: t
❌ Stack Trace:
 t: t
    at #evaluate (/home/daniswastaken/dailyearly/node_modules/puppeteer-core/lib/cjs/puppeteer/cdp/ExecutionContext.js:391:56)
    at async ExecutionContext.evaluate (/home/daniswastaken/dailyearly/node_modules/puppeteer-core/lib/cjs/puppeteer/cdp/ExecutionContext.js:277:16)
    at async IsolatedWorld.evaluate (/home/daniswastaken/dailyearly/node_modules/puppeteer-core/lib/cjs/puppeteer/cdp/IsolatedWorld.js:100:16)
    at async CdpFrame.evaluate (/home/daniswastaken/dailyearly/node_modules/puppeteer-core/lib/cjs/puppeteer/api/Frame.js:362:20)
    at async CdpPage.evaluate (/home/daniswastaken/dailyearly/node_modules/puppeteer-core/lib/cjs/puppeteer/api/Page.js:826:20)
    at async Client.setStatus (/home/daniswastaken/dailyearly/node_modules/whatsapp-web.js/src/Client.js:1394:9)
    at async Client.<anonymous> (/home/daniswastaken/dailyearly/upload.js:84:9)
❌ Failed to post status!
❌ Error Name: t
❌ Error Message: t
❌ Stack Trace:
 t: t
    at #evaluate (/home/daniswastaken/dailyearly/node_modules/puppeteer-core/lib/cjs/puppeteer/cdp/ExecutionContext.js:391:56)
    at async ExecutionContext.evaluate (/home/daniswastaken/dailyearly/node_modules/puppeteer-core/lib/cjs/puppeteer/cdp/ExecutionContext.js:277:16)
    at async IsolatedWorld.evaluate (/home/daniswastaken/dailyearly/node_modules/puppeteer-core/lib/cjs/puppeteer/cdp/IsolatedWorld.js:100:16)
    at async CdpFrame.evaluate (/home/daniswastaken/dailyearly/node_modules/puppeteer-core/lib/cjs/puppeteer/api/Frame.js:362:20)
    at async CdpPage.evaluate (/home/daniswastaken/dailyearly/node_modules/puppeteer-core/lib/cjs/puppeteer/api/Page.js:826:20)
    at async Client.setStatus (/home/daniswastaken/dailyearly/node_modules/whatsapp-web.js/src/Client.js:1394:9)
    at async Client.<anonymous> (/home/daniswastaken/dailyearly/upload.js:84:9)
[2026-03-29 01:00:34] Status posted successfully!
[2026-03-29 01:00:34] ==========================================
[2026-03-30 00:00:01] ==========================================
[2026-03-30 00:00:01] Starting daily status update
[2026-03-30 00:00:01] Sleeping for 183 seconds to randomize post time...
[2026-03-30 00:03:04] Generating status image...
[2026-03-30 00:03:04] Image generated successfully
[2026-03-30 00:03:04] Uploading to WhatsApp...
🚀 Starting WhatsApp client...
📂 Auth directory: /home/daniswastaken/dailyearly/auth_info
🖼️ Image path: /home/daniswastaken/dailyearly/final_status.jpg
❌ Failed to initialize client: Protocol error (Runtime.callFunctionOn): Execution context was destroyed.
[2026-03-30 00:03:11] Status posted successfully!
[2026-03-30 00:03:11] ==========================================
[2026-03-31 00:00:01] ==========================================
[2026-03-31 00:00:01] Starting daily status update
[2026-03-31 00:00:01] Sleeping for 663 seconds to randomize post time...
[2026-03-31 00:11:04] Generating status image...
[2026-03-31 00:11:04] Image generated successfully
[2026-03-31 00:11:04] Uploading to WhatsApp...
🚀 Starting WhatsApp client...
📂 Auth directory: /home/daniswastaken/dailyearly/auth_info
🖼️ Image path: /home/daniswastaken/dailyearly/final_status.jpg
❌ Failed to initialize client: Protocol error (Runtime.callFunctionOn): Execution context was destroyed.
[2026-03-31 00:11:11] Status posted successfully!
[2026-03-31 00:11:11] ==========================================
[2026-04-01 00:00:01] ==========================================
[2026-04-01 00:00:01] Starting daily status update
[2026-04-01 00:00:01] Sleeping for 2393 seconds to randomize post time...
[2026-04-01 00:39:55] Generating status image...
[2026-04-01 00:42:04] Image generated successfully
[2026-04-01 00:42:04] Uploading to WhatsApp...
🚀 Starting WhatsApp client...
📂 Auth directory: /home/daniswastaken/dailyearly/auth_info
🖼️ Image path: /home/daniswastaken/dailyearly/final_status.jpg
✅ Connected to WhatsApp!
👤 Authenticated as: Danis Handaru (6285117574096)
📤 Preparing to post status...
📸 Reading image file...
✅ Media prepared
🧹 Clearing text status...
🚀 Sending media to status@broadcast...
✅ Status posted successfully! Message ID: 3EB07020594CACF8B32480
😴 Waiting 5 seconds before closing...
👋 Closing client...
[2026-04-01 00:42:19] Status posted successfully!
[2026-04-01 00:42:19] ==========================================
[2026-04-02 00:00:01] ==========================================
[2026-04-02 00:00:01] Starting daily status update
[2026-04-02 00:00:01] Sleeping for 2471 seconds to randomize post time...
[2026-04-02 00:41:12] Generating status image...
[2026-04-02 00:41:13] Image generated successfully
[2026-04-02 00:41:13] Uploading to WhatsApp...
🚀 Starting WhatsApp client...
📂 Auth directory: /home/daniswastaken/dailyearly/auth_info
🖼️ Image path: /home/daniswastaken/dailyearly/final_status.jpg
✅ Connected to WhatsApp!
👤 Authenticated as: Danis Handaru (6285117574096)
📤 Preparing to post status...
📸 Reading image file...
✅ Media prepared
🧹 Clearing text status...
🚀 Sending media to status@broadcast...
✅ Status posted successfully! Message ID: 3EB0630630ABE9D4A8765E
😴 Waiting 5 seconds before closing...
👋 Closing client...
[2026-04-02 00:41:41] Status posted successfully!
[2026-04-02 00:41:41] ==========================================
[2026-04-03 00:00:01] ==========================================
[2026-04-03 00:00:01] Starting daily status update
[2026-04-03 00:00:01] Sleeping for 811 seconds to randomize post time...
[2026-04-03 00:13:32] Generating status image...
[2026-04-03 00:13:33] Image generated successfully
[2026-04-03 00:13:33] Uploading to WhatsApp...
🚀 Starting WhatsApp client...
📂 Auth directory: /home/daniswastaken/dailyearly/auth_info
🖼️ Image path: /home/daniswastaken/dailyearly/final_status.jpg
✅ Connected to WhatsApp!
👤 Authenticated as: Danis Handaru (6285117574096)
📤 Preparing to post status...
📸 Reading image file...
✅ Media prepared
🧹 Clearing text status...
🚀 Sending media to status@broadcast...
✅ Status posted successfully! Message ID: 3EB02F7474FF0DB4793BE3
😴 Waiting 5 seconds before closing...
👋 Closing client...
[2026-04-03 00:13:57] Status posted successfully!
[2026-04-03 00:13:57] ==========================================
