[2026-02-02 01:00:01] ==========================================
[2026-02-02 01:00:01] Starting daily status update
[2026-02-02 01:00:01] Sleeping for 1680 seconds to randomize post time...
[2026-02-02 01:28:01] Generating status image...
Generated: /home/daniswastaken/dailyearly/final_status.jpg
Year Progress: 8.78%
[2026-02-02 01:28:02] Image generated successfully
[2026-02-02 01:28:02] Uploading to WhatsApp...
/home/daniswastaken/dailyearly/run_daily.sh: line 43: node: command not found
[2026-02-02 01:28:02] ERROR: Failed to upload to WhatsApp
[2026-02-02 05:54:43] ==========================================
[2026-02-02 05:54:43] Starting daily status update
[2026-02-02 05:54:43] Debug mode: Skipping random delay
[2026-02-02 05:54:43] Generating status image...
Generated: /home/daniswastaken/dailyearly/final_status.jpg
Year Progress: 8.83%
[2026-02-02 05:54:43] Image generated successfully
[2026-02-02 05:54:43] Uploading to WhatsApp...
/home/daniswastaken/dailyearly/run_daily.sh: line 43: node: command not found
[2026-02-02 05:54:43] ERROR: Failed to upload to WhatsApp
[2026-02-02 05:57:41] ==========================================
[2026-02-02 05:57:41] Starting daily status update
[2026-02-02 05:57:41] Debug mode: Skipping random delay
[2026-02-02 05:57:41] Generating status image...
Generated: /home/daniswastaken/dailyearly/final_status.jpg
Year Progress: 8.84%
[2026-02-02 05:57:41] Image generated successfully
[2026-02-02 05:57:41] Uploading to WhatsApp...
🚀 Starting WhatsApp client...
✅ Connected to WhatsApp
📤 Posting status...
✅ Status posted successfully!
[2026-02-02 05:58:02] Status posted successfully!
[2026-02-02 05:58:02] ==========================================
[2026-02-02 16:57:59] ==========================================
[2026-02-02 16:57:59] Starting daily status update
[2026-02-02 16:57:59] Debug mode: Skipping random delay
[2026-02-02 16:57:59] Generating status image...
Generated: /home/daniswastaken/dailyearly/final_status.jpg
Year Progress: 8.96%
[2026-02-02 16:57:59] Image generated successfully
[2026-02-02 16:57:59] Uploading to WhatsApp...
🚀 Starting WhatsApp client...
✅ Connected to WhatsApp
📤 Posting status...
✅ Status posted successfully!
[2026-02-02 16:58:20] Status posted successfully!
[2026-02-02 16:58:20] ==========================================
[2026-02-02 16:58:54] ==========================================
[2026-02-02 16:58:54] Starting daily status update
[2026-02-02 16:58:54] Debug mode: Skipping random delay
[2026-02-02 16:58:54] Generating status image...
Generated: /home/daniswastaken/dailyearly/final_status.jpg
Year Progress: 8.96%
[2026-02-02 16:58:54] Image generated successfully
[2026-02-02 16:58:54] Uploading to WhatsApp...
🚀 Starting WhatsApp client...
✅ Connected to WhatsApp
📤 Posting status...
✅ Status posted successfully!
[2026-02-02 16:59:17] Status posted successfully!
[2026-02-02 16:59:17] ==========================================
[2026-02-03 01:00:01] ==========================================
[2026-02-03 01:00:01] Starting daily status update
[2026-02-03 01:00:01] Sleeping for 3108 seconds to randomize post time...
[2026-02-03 01:51:49] Generating status image...
Generated: /home/daniswastaken/dailyearly/final_status.jpg
Year Progress: 9.06%
[2026-02-03 01:51:49] Image generated successfully
[2026-02-03 01:51:49] Uploading to WhatsApp...
🚀 Starting WhatsApp client...
✅ Connected to WhatsApp
📤 Posting status...
✅ Status posted successfully!
[2026-02-03 01:52:11] Status posted successfully!
[2026-02-03 01:52:11] ==========================================
[2026-02-04 01:00:01] ==========================================
[2026-02-04 01:00:01] Starting daily status update
[2026-02-04 01:00:01] Sleeping for 1744 seconds to randomize post time...
[2026-02-04 01:29:05] Generating status image...
Generated: /home/daniswastaken/dailyearly/final_status.jpg
Year Progress: 9.33%
[2026-02-04 01:29:05] Image generated successfully
[2026-02-04 01:29:05] Uploading to WhatsApp...
🚀 Starting WhatsApp client...
/home/daniswastaken/dailyearly/node_modules/puppeteer-core/lib/cjs/puppeteer/common/CallbackRegistry.js:103
    #error = new Errors_js_1.ProtocolError();
             ^

ProtocolError: Runtime.callFunctionOn timed out. Increase the 'protocolTimeout' setting in launch/connect calls for a higher timeout if needed.
    at <instance_members_initializer> (/home/daniswastaken/dailyearly/node_modules/puppeteer-core/lib/cjs/puppeteer/common/CallbackRegistry.js:103:14)
    at new Callback (/home/daniswastaken/dailyearly/node_modules/puppeteer-core/lib/cjs/puppeteer/common/CallbackRegistry.js:107:16)
    at CallbackRegistry.create (/home/daniswastaken/dailyearly/node_modules/puppeteer-core/lib/cjs/puppeteer/common/CallbackRegistry.js:25:26)
    at Connection._rawSend (/home/daniswastaken/dailyearly/node_modules/puppeteer-core/lib/cjs/puppeteer/cdp/Connection.js:108:26)
    at CdpCDPSession.send (/home/daniswastaken/dailyearly/node_modules/puppeteer-core/lib/cjs/puppeteer/cdp/CdpSession.js:74:33)
    at #evaluate (/home/daniswastaken/dailyearly/node_modules/puppeteer-core/lib/cjs/puppeteer/cdp/ExecutionContext.js:363:50)
    at ExecutionContext.evaluate (/home/daniswastaken/dailyearly/node_modules/puppeteer-core/lib/cjs/puppeteer/cdp/ExecutionContext.js:277:36)
    at IsolatedWorld.evaluate (/home/daniswastaken/dailyearly/node_modules/puppeteer-core/lib/cjs/puppeteer/cdp/IsolatedWorld.js:100:30)
    at CdpFrame.evaluate (/home/daniswastaken/dailyearly/node_modules/puppeteer-core/lib/cjs/puppeteer/api/Frame.js:362:43)
    at CdpFrame.<anonymous> (/home/daniswastaken/dailyearly/node_modules/puppeteer-core/lib/cjs/puppeteer/util/decorators.js:109:27)
    at CdpPage.evaluate (/home/daniswastaken/dailyearly/node_modules/puppeteer-core/lib/cjs/puppeteer/api/Page.js:826:43)
    at Client.inject (/home/daniswastaken/dailyearly/node_modules/whatsapp-web.js/src/Client.js:124:55)
    at async Client.initialize (/home/daniswastaken/dailyearly/node_modules/whatsapp-web.js/src/Client.js:373:9)

Node.js v24.13.0
[2026-02-04 01:32:14] ERROR: Failed to upload to WhatsApp
[2026-02-05 00:00:02] ==========================================
[2026-02-05 00:00:02] Starting daily status update
[2026-02-05 00:00:02] Sleeping for 646 seconds to randomize post time...
[2026-02-05 00:10:48] Generating status image...
Generated: /home/daniswastaken/dailyearly/final_status.jpg
Year Progress: 9.59%
[2026-02-05 00:10:48] Image generated successfully
[2026-02-05 00:10:48] Uploading to WhatsApp...
🚀 Starting WhatsApp client...
📂 Auth directory: /home/daniswastaken/dailyearly/auth_info
🖼️ Image path: /home/daniswastaken/dailyearly/final_status.jpg
✅ Connected to WhatsApp!
👤 Authenticated as: Handaru Daniswara (6285117574096)
📤 Preparing to post status...
📸 Reading image file...
✅ Media prepared
🧹 Clearing text status...
🚀 Sending media to status@broadcast...
✅ Status posted successfully! Message ID: 3EB03B9E3AC69D8CDF5C3E
😴 Waiting 5 seconds before closing...
👋 Closing client...
[2026-02-05 00:11:03] Status posted successfully!
[2026-02-05 00:11:03] ==========================================
[2026-02-06 00:00:01] ==========================================
[2026-02-06 00:00:01] Starting daily status update
[2026-02-06 00:00:01] Sleeping for 290 seconds to randomize post time...
[2026-02-06 00:04:51] Generating status image...
Generated: /home/daniswastaken/dailyearly/final_status.jpg
Year Progress: 9.86%
[2026-02-06 00:04:51] Image generated successfully
[2026-02-06 00:04:51] Uploading to WhatsApp...
🚀 Starting WhatsApp client...
📂 Auth directory: /home/daniswastaken/dailyearly/auth_info
🖼️ Image path: /home/daniswastaken/dailyearly/final_status.jpg
✅ Connected to WhatsApp!
👤 Authenticated as: Handaru Daniswara (6285117574096)
📤 Preparing to post status...
📸 Reading image file...
✅ Media prepared
🧹 Clearing text status...
🚀 Sending media to status@broadcast...
✅ Status posted successfully! Message ID: 3EB0B8ABAAEF4BD163BCF1
😴 Waiting 5 seconds before closing...
👋 Closing client...
[2026-02-06 00:05:15] Status posted successfully!
[2026-02-06 00:05:15] ==========================================
[2026-02-07 00:00:01] ==========================================
[2026-02-07 00:00:01] Starting daily status update
[2026-02-07 00:00:01] Sleeping for 2619 seconds to randomize post time...
[2026-02-07 00:43:40] Generating status image...
Generated: /home/daniswastaken/dailyearly/final_status.jpg
Year Progress: 10.15%
[2026-02-07 00:43:40] Image generated successfully
[2026-02-07 00:43:40] Uploading to WhatsApp...
🚀 Starting WhatsApp client...
📂 Auth directory: /home/daniswastaken/dailyearly/auth_info
🖼️ Image path: /home/daniswastaken/dailyearly/final_status.jpg
✅ Connected to WhatsApp!
👤 Authenticated as: Handaru Daniswara (6285117574096)
📤 Preparing to post status...
📸 Reading image file...
✅ Media prepared
🧹 Clearing text status...
🚀 Sending media to status@broadcast...
✅ Status posted successfully! Message ID: 3EB042C4E1A5B854452A3E
😴 Waiting 5 seconds before closing...
👋 Closing client...
[2026-02-07 00:44:00] Status posted successfully!
[2026-02-07 00:44:00] ==========================================
[2026-02-08 00:00:02] ==========================================
[2026-02-08 00:00:02] Starting daily status update
[2026-02-08 00:00:02] Sleeping for 2611 seconds to randomize post time...
[2026-02-08 00:43:33] Generating status image...
Generated: /home/daniswastaken/dailyearly/final_status.jpg
Year Progress: 10.42%
[2026-02-08 00:43:33] Image generated successfully
[2026-02-08 00:43:33] Uploading to WhatsApp...
🚀 Starting WhatsApp client...
📂 Auth directory: /home/daniswastaken/dailyearly/auth_info
🖼️ Image path: /home/daniswastaken/dailyearly/final_status.jpg
✅ Connected to WhatsApp!
👤 Authenticated as: Handaru Daniswara (6285117574096)
📤 Preparing to post status...
📸 Reading image file...
✅ Media prepared
🧹 Clearing text status...
🚀 Sending media to status@broadcast...
✅ Status posted successfully! Message ID: 3EB04A3E14DF19CBB45A98
😴 Waiting 5 seconds before closing...
👋 Closing client...
[2026-02-08 00:43:55] Status posted successfully!
[2026-02-08 00:43:55] ==========================================
[2026-02-09 00:00:01] ==========================================
[2026-02-09 00:00:01] Starting daily status update
[2026-02-09 00:00:01] Sleeping for 740 seconds to randomize post time...
[2026-02-09 00:12:21] Generating status image...
Generated: /home/daniswastaken/dailyearly/final_status.jpg
Year Progress: 10.69%
[2026-02-09 00:12:21] Image generated successfully
[2026-02-09 00:12:21] Uploading to WhatsApp...
🚀 Starting WhatsApp client...
📂 Auth directory: /home/daniswastaken/dailyearly/auth_info
🖼️ Image path: /home/daniswastaken/dailyearly/final_status.jpg
✅ Connected to WhatsApp!
👤 Authenticated as: Handaru Daniswara (6285117574096)
📤 Preparing to post status...
📸 Reading image file...
✅ Media prepared
🧹 Clearing text status...
🚀 Sending media to status@broadcast...
✅ Status posted successfully! Message ID: 3EB0F6F350E6357B1CBA79
😴 Waiting 5 seconds before closing...
👋 Closing client...
[2026-02-09 00:12:46] Status posted successfully!
[2026-02-09 00:12:46] ==========================================
[2026-02-10 00:00:02] ==========================================
[2026-02-10 00:00:02] Starting daily status update
[2026-02-10 00:00:02] Sleeping for 3493 seconds to randomize post time...
[2026-02-10 00:58:15] Generating status image...
Generated: /home/daniswastaken/dailyearly/final_status.jpg
Year Progress: 10.97%
[2026-02-10 00:58:15] Image generated successfully
[2026-02-10 00:58:15] Uploading to WhatsApp...
🚀 Starting WhatsApp client...
📂 Auth directory: /home/daniswastaken/dailyearly/auth_info
🖼️ Image path: /home/daniswastaken/dailyearly/final_status.jpg
✅ Connected to WhatsApp!
👤 Authenticated as: Handaru Daniswara (6285117574096)
📤 Preparing to post status...
📸 Reading image file...
✅ Media prepared
🧹 Clearing text status...
🚀 Sending media to status@broadcast...
✅ Status posted successfully! Message ID: 3EB036F3F7F11D87091489
😴 Waiting 5 seconds before closing...
👋 Closing client...
[2026-02-10 00:58:39] Status posted successfully!
[2026-02-10 00:58:39] ==========================================
[2026-02-11 00:00:02] ==========================================
[2026-02-11 00:00:02] Starting daily status update
[2026-02-11 00:00:02] Sleeping for 252 seconds to randomize post time...
[2026-02-11 00:04:14] Generating status image...
Generated: /home/daniswastaken/dailyearly/final_status.jpg
Year Progress: 11.23%
[2026-02-11 00:04:14] Image generated successfully
[2026-02-11 00:04:14] Uploading to WhatsApp...
🚀 Starting WhatsApp client...
📂 Auth directory: /home/daniswastaken/dailyearly/auth_info
🖼️ Image path: /home/daniswastaken/dailyearly/final_status.jpg
✅ Connected to WhatsApp!
👤 Authenticated as: Handaru Daniswara (6285117574096)
📤 Preparing to post status...
📸 Reading image file...
✅ Media prepared
🧹 Clearing text status...
🚀 Sending media to status@broadcast...
✅ Status posted successfully! Message ID: 3EB0D61344DECA17C7B828
😴 Waiting 5 seconds before closing...
👋 Closing client...
[2026-02-11 00:04:30] Status posted successfully!
[2026-02-11 00:04:30] ==========================================
[2026-02-12 00:00:02] ==========================================
[2026-02-12 00:00:02] Starting daily status update
[2026-02-12 00:00:02] Sleeping for 1756 seconds to randomize post time...
[2026-02-12 00:29:18] Generating status image...
Generated: /home/daniswastaken/dailyearly/final_status.jpg
Year Progress: 11.51%
[2026-02-12 00:29:18] Image generated successfully
[2026-02-12 00:29:18] Uploading to WhatsApp...
🚀 Starting WhatsApp client...
📂 Auth directory: /home/daniswastaken/dailyearly/auth_info
🖼️ Image path: /home/daniswastaken/dailyearly/final_status.jpg
✅ Connected to WhatsApp!
👤 Authenticated as: Handaru Daniswara (6285117574096)
📤 Preparing to post status...
📸 Reading image file...
✅ Media prepared
🧹 Clearing text status...
🚀 Sending media to status@broadcast...
✅ Status posted successfully! Message ID: 3EB09CF78191DDB8758086
😴 Waiting 5 seconds before closing...
👋 Closing client...
[2026-02-12 00:29:41] Status posted successfully!
[2026-02-12 00:29:41] ==========================================
[2026-02-13 00:00:01] ==========================================
[2026-02-13 00:00:01] Starting daily status update
[2026-02-13 00:00:01] Sleeping for 3105 seconds to randomize post time...
[2026-02-13 00:51:46] Generating status image...
Generated: /home/daniswastaken/dailyearly/final_status.jpg
Year Progress: 11.79%
[2026-02-13 00:51:47] Image generated successfully
[2026-02-13 00:51:47] Uploading to WhatsApp...
🚀 Starting WhatsApp client...
📂 Auth directory: /home/daniswastaken/dailyearly/auth_info
🖼️ Image path: /home/daniswastaken/dailyearly/final_status.jpg
✅ Connected to WhatsApp!
👤 Authenticated as: Handaru Daniswara (6285117574096)
📤 Preparing to post status...
📸 Reading image file...
✅ Media prepared
🧹 Clearing text status...
🚀 Sending media to status@broadcast...
✅ Status posted successfully! Message ID: 3EB0B5030FD0247D322DBF
😴 Waiting 5 seconds before closing...
👋 Closing client...
[2026-02-13 00:52:02] Status posted successfully!
[2026-02-13 00:52:02] ==========================================
[2026-02-14 00:00:02] ==========================================
[2026-02-14 00:00:02] Starting daily status update
[2026-02-14 00:00:02] Sleeping for 2091 seconds to randomize post time...
[2026-02-14 00:34:53] Generating status image...
Generated: /home/daniswastaken/dailyearly/final_status.jpg
Year Progress: 12.06%
[2026-02-14 00:34:53] Image generated successfully
[2026-02-14 00:34:53] Uploading to WhatsApp...
🚀 Starting WhatsApp client...
📂 Auth directory: /home/daniswastaken/dailyearly/auth_info
🖼️ Image path: /home/daniswastaken/dailyearly/final_status.jpg
✅ Connected to WhatsApp!
👤 Authenticated as: Handaru Daniswara (6285117574096)
📤 Preparing to post status...
📸 Reading image file...
✅ Media prepared
🧹 Clearing text status...
🚀 Sending media to status@broadcast...
✅ Status posted successfully! Message ID: 3EB0C38E43037BF24DC94D
😴 Waiting 5 seconds before closing...
👋 Closing client...
[2026-02-14 00:35:35] Status posted successfully!
[2026-02-14 00:35:35] ==========================================
[2026-02-15 00:00:01] ==========================================
[2026-02-15 00:00:01] Starting daily status update
[2026-02-15 00:00:01] Sleeping for 3031 seconds to randomize post time...
[2026-02-15 00:50:32] Generating status image...
Generated: /home/daniswastaken/dailyearly/final_status.jpg
Year Progress: 12.34%
[2026-02-15 00:50:33] Image generated successfully
[2026-02-15 00:50:33] Uploading to WhatsApp...
🚀 Starting WhatsApp client...
📂 Auth directory: /home/daniswastaken/dailyearly/auth_info
🖼️ Image path: /home/daniswastaken/dailyearly/final_status.jpg
✅ Connected to WhatsApp!
👤 Authenticated as: Handaru Daniswara (6285117574096)
📤 Preparing to post status...
📸 Reading image file...
✅ Media prepared
🧹 Clearing text status...
🚀 Sending media to status@broadcast...
✅ Status posted successfully! Message ID: 3EB01B317AB3E23506F08C
😴 Waiting 5 seconds before closing...
👋 Closing client...
[2026-02-15 00:50:55] Status posted successfully!
[2026-02-15 00:50:55] ==========================================
[2026-02-16 00:00:02] ==========================================
[2026-02-16 00:00:02] Starting daily status update
[2026-02-16 00:00:02] Sleeping for 3181 seconds to randomize post time...
[2026-02-16 00:53:03] Generating status image...
Generated: /home/daniswastaken/dailyearly/final_status.jpg
Year Progress: 12.61%
[2026-02-16 00:53:03] Image generated successfully
[2026-02-16 00:53:03] Uploading to WhatsApp...
🚀 Starting WhatsApp client...
📂 Auth directory: /home/daniswastaken/dailyearly/auth_info
🖼️ Image path: /home/daniswastaken/dailyearly/final_status.jpg
✅ Connected to WhatsApp!
👤 Authenticated as: Handaru Daniswara (6285117574096)
📤 Preparing to post status...
📸 Reading image file...
✅ Media prepared
🧹 Clearing text status...
🚀 Sending media to status@broadcast...
✅ Status posted successfully! Message ID: 3EB0877128796F46A2C7B0
😴 Waiting 5 seconds before closing...
👋 Closing client...
[2026-02-16 00:53:23] Status posted successfully!
[2026-02-16 00:53:23] ==========================================
[2026-02-17 00:00:01] ==========================================
[2026-02-17 00:00:01] Starting daily status update
[2026-02-17 00:00:01] Sleeping for 3537 seconds to randomize post time...
[2026-02-17 00:58:58] Generating status image...
Generated: /home/daniswastaken/dailyearly/final_status.jpg
Year Progress: 12.89%
[2026-02-17 00:58:58] Image generated successfully
[2026-02-17 00:58:58] Uploading to WhatsApp...
🚀 Starting WhatsApp client...
📂 Auth directory: /home/daniswastaken/dailyearly/auth_info
🖼️ Image path: /home/daniswastaken/dailyearly/final_status.jpg
✅ Connected to WhatsApp!
👤 Authenticated as: Handaru Daniswara (6285117574096)
📤 Preparing to post status...
📸 Reading image file...
✅ Media prepared
🧹 Clearing text status...
🚀 Sending media to status@broadcast...
✅ Status posted successfully! Message ID: 3EB0276911936181D64000
😴 Waiting 5 seconds before closing...
👋 Closing client...
[2026-02-17 00:59:22] Status posted successfully!
[2026-02-17 00:59:22] ==========================================
[2026-02-18 00:00:02] ==========================================
[2026-02-18 00:00:02] Starting daily status update
[2026-02-18 00:00:02] Sleeping for 2955 seconds to randomize post time...
[2026-02-18 00:49:17] Generating status image...
Generated: /home/daniswastaken/dailyearly/final_status.jpg
Year Progress: 13.16%
[2026-02-18 00:49:17] Image generated successfully
[2026-02-18 00:49:17] Uploading to WhatsApp...
🚀 Starting WhatsApp client...
📂 Auth directory: /home/daniswastaken/dailyearly/auth_info
🖼️ Image path: /home/daniswastaken/dailyearly/final_status.jpg
✅ Connected to WhatsApp!
👤 Authenticated as: Handaru Daniswara (6285117574096)
📤 Preparing to post status...
📸 Reading image file...
✅ Media prepared
🧹 Clearing text status...
🚀 Sending media to status@broadcast...
✅ Status posted successfully! Message ID: 3EB0E2D2256B67E3C218E0
😴 Waiting 5 seconds before closing...
👋 Closing client...
[2026-02-18 00:49:46] Status posted successfully!
[2026-02-18 00:49:46] ==========================================
[2026-02-20 00:00:01] ==========================================
[2026-02-20 00:00:01] Starting daily status update
[2026-02-20 00:00:01] Sleeping for 1213 seconds to randomize post time...
[2026-02-20 00:20:14] Generating status image...
Generated: /home/daniswastaken/dailyearly/final_status.jpg
Year Progress: 13.70%
[2026-02-20 00:20:14] Image generated successfully
[2026-02-20 00:20:14] Uploading to WhatsApp...
🚀 Starting WhatsApp client...
📂 Auth directory: /home/daniswastaken/dailyearly/auth_info
🖼️ Image path: /home/daniswastaken/dailyearly/final_status.jpg
✅ Connected to WhatsApp!
👤 Authenticated as: Handaru Daniswara (6285117574096)
📤 Preparing to post status...
📸 Reading image file...
✅ Media prepared
🧹 Clearing text status...
🚀 Sending media to status@broadcast...
✅ Status posted successfully! Message ID: 3EB0444521ADB5AD233BCD
😴 Waiting 5 seconds before closing...
👋 Closing client...
[2026-02-20 00:20:39] Status posted successfully!
[2026-02-20 00:20:39] ==========================================
[2026-02-21 00:00:02] ==========================================
[2026-02-21 00:00:02] Starting daily status update
[2026-02-21 00:00:02] Sleeping for 2575 seconds to randomize post time...
[2026-02-21 00:42:57] Generating status image...
Generated: /home/daniswastaken/dailyearly/final_status.jpg
Year Progress: 13.98%
[2026-02-21 00:42:57] Image generated successfully
[2026-02-21 00:42:57] Uploading to WhatsApp...
🚀 Starting WhatsApp client...
📂 Auth directory: /home/daniswastaken/dailyearly/auth_info
🖼️ Image path: /home/daniswastaken/dailyearly/final_status.jpg
✅ Connected to WhatsApp!
👤 Authenticated as: Handaru Daniswara (6285117574096)
📤 Preparing to post status...
📸 Reading image file...
✅ Media prepared
🧹 Clearing text status...
🚀 Sending media to status@broadcast...
✅ Status posted successfully! Message ID: 3EB043CE02336D50C48F20
😴 Waiting 5 seconds before closing...
👋 Closing client...
[2026-02-21 00:43:14] Status posted successfully!
[2026-02-21 00:43:14] ==========================================
[2026-02-22 00:00:01] ==========================================
[2026-02-22 00:00:01] Starting daily status update
[2026-02-22 00:00:01] Sleeping for 2318 seconds to randomize post time...
[2026-02-22 00:38:39] Generating status image...
Generated: /home/daniswastaken/dailyearly/final_status.jpg
Year Progress: 14.25%
[2026-02-22 00:38:40] Image generated successfully
[2026-02-22 00:38:40] Uploading to WhatsApp...
🚀 Starting WhatsApp client...
📂 Auth directory: /home/daniswastaken/dailyearly/auth_info
🖼️ Image path: /home/daniswastaken/dailyearly/final_status.jpg
✅ Connected to WhatsApp!
👤 Authenticated as: Danis Handaru (6285117574096)
📤 Preparing to post status...
📸 Reading image file...
✅ Media prepared
🧹 Clearing text status...
🚀 Sending media to status@broadcast...
✅ Status posted successfully! Message ID: 3EB0E699DCBBE25E56DC8C
😴 Waiting 5 seconds before closing...
👋 Closing client...
[2026-02-22 00:39:11] Status posted successfully!
[2026-02-22 00:39:11] ==========================================
[2026-02-23 00:00:01] ==========================================
[2026-02-23 00:00:01] Starting daily status update
[2026-02-23 00:00:01] Sleeping for 134 seconds to randomize post time...
[2026-02-23 00:02:15] Generating status image...
Generated: /home/daniswastaken/dailyearly/final_status.jpg
Year Progress: 14.52%
[2026-02-23 00:02:15] Image generated successfully
[2026-02-23 00:02:15] Uploading to WhatsApp...
🚀 Starting WhatsApp client...
📂 Auth directory: /home/daniswastaken/dailyearly/auth_info
🖼️ Image path: /home/daniswastaken/dailyearly/final_status.jpg
✅ Connected to WhatsApp!
👤 Authenticated as: Danis Handaru (6285117574096)
📤 Preparing to post status...
📸 Reading image file...
✅ Media prepared
🧹 Clearing text status...
❌ Failed to post status!
❌ Error Name: ProtocolError
❌ Error Message: Runtime.callFunctionOn timed out. Increase the 'protocolTimeout' setting in launch/connect calls for a higher timeout if needed.
❌ Stack Trace:
 ProtocolError: Runtime.callFunctionOn timed out. Increase the 'protocolTimeout' setting in launch/connect calls for a higher timeout if needed.
    at <instance_members_initializer> (/home/daniswastaken/dailyearly/node_modules/puppeteer-core/lib/cjs/puppeteer/common/CallbackRegistry.js:103:14)
    at new Callback (/home/daniswastaken/dailyearly/node_modules/puppeteer-core/lib/cjs/puppeteer/common/CallbackRegistry.js:107:16)
    at CallbackRegistry.create (/home/daniswastaken/dailyearly/node_modules/puppeteer-core/lib/cjs/puppeteer/common/CallbackRegistry.js:25:26)
    at Connection._rawSend (/home/daniswastaken/dailyearly/node_modules/puppeteer-core/lib/cjs/puppeteer/cdp/Connection.js:108:26)
    at CdpCDPSession.send (/home/daniswastaken/dailyearly/node_modules/puppeteer-core/lib/cjs/puppeteer/cdp/CdpSession.js:74:33)
    at #evaluate (/home/daniswastaken/dailyearly/node_modules/puppeteer-core/lib/cjs/puppeteer/cdp/ExecutionContext.js:363:50)
    at ExecutionContext.evaluate (/home/daniswastaken/dailyearly/node_modules/puppeteer-core/lib/cjs/puppeteer/cdp/ExecutionContext.js:277:36)
    at IsolatedWorld.evaluate (/home/daniswastaken/dailyearly/node_modules/puppeteer-core/lib/cjs/puppeteer/cdp/IsolatedWorld.js:100:30)
    at CdpFrame.evaluate (/home/daniswastaken/dailyearly/node_modules/puppeteer-core/lib/cjs/puppeteer/api/Frame.js:362:43)
    at CdpFrame.<anonymous> (/home/daniswastaken/dailyearly/node_modules/puppeteer-core/lib/cjs/puppeteer/util/decorators.js:109:27)
    at CdpPage.evaluate (/home/daniswastaken/dailyearly/node_modules/puppeteer-core/lib/cjs/puppeteer/api/Page.js:826:43)
    at Client.setStatus (/home/daniswastaken/dailyearly/node_modules/whatsapp-web.js/src/Client.js:1394:28)
    at Client.<anonymous> (/home/daniswastaken/dailyearly/upload.js:84:22)
    at Client.emit (node:events:508:28)
    at Binding.<anonymous> (/home/daniswastaken/dailyearly/node_modules/whatsapp-web.js/src/Client.js:273:18)
    at async Binding.run (/home/daniswastaken/dailyearly/node_modules/puppeteer-core/lib/cjs/puppeteer/cdp/Binding.js:132:32)
[2026-02-23 00:05:31] Status posted successfully!
[2026-02-23 00:05:31] ==========================================
[2026-02-24 00:00:01] ==========================================
[2026-02-24 00:00:01] Starting daily status update
[2026-02-24 00:00:01] Sleeping for 1258 seconds to randomize post time...
[2026-02-24 00:20:59] Generating status image...
Generated: /home/daniswastaken/dailyearly/final_status.jpg
Year Progress: 14.80%
[2026-02-24 00:20:59] Image generated successfully
[2026-02-24 00:20:59] Uploading to WhatsApp...
🚀 Starting WhatsApp client...
📂 Auth directory: /home/daniswastaken/dailyearly/auth_info
🖼️ Image path: /home/daniswastaken/dailyearly/final_status.jpg
❌ Failed to initialize client: Runtime.callFunctionOn timed out. Increase the 'protocolTimeout' setting in launch/connect calls for a higher timeout if needed.
[2026-02-24 00:24:08] Status posted successfully!
[2026-02-24 00:24:08] ==========================================
[2026-02-25 00:00:01] ==========================================
[2026-02-25 00:00:01] Starting daily status update
[2026-02-25 00:00:01] Sleeping for 3056 seconds to randomize post time...
[2026-02-25 00:50:57] Generating status image...
Generated: /home/daniswastaken/dailyearly/final_status.jpg
Year Progress: 15.08%
[2026-02-25 00:50:57] Image generated successfully
[2026-02-25 00:50:57] Uploading to WhatsApp...
🚀 Starting WhatsApp client...
📂 Auth directory: /home/daniswastaken/dailyearly/auth_info
🖼️ Image path: /home/daniswastaken/dailyearly/final_status.jpg
✅ Connected to WhatsApp!
👤 Authenticated as: Danis Handaru (6285117574096)
📤 Preparing to post status...
📸 Reading image file...
✅ Media prepared
🧹 Clearing text status...
🚀 Sending media to status@broadcast...
✅ Status posted successfully! Message ID: 3EB0820E2DDE711C8C215A
😴 Waiting 5 seconds before closing...
👋 Closing client...
[2026-02-25 00:51:57] Status posted successfully!
[2026-02-25 00:51:57] ==========================================
[2026-02-26 00:00:01] ==========================================
[2026-02-26 00:00:01] Starting daily status update
[2026-02-26 00:00:01] Sleeping for 1608 seconds to randomize post time...
[2026-02-26 00:26:49] Generating status image...
Generated: /home/daniswastaken/dailyearly/final_status.jpg
Year Progress: 15.35%
[2026-02-26 00:26:50] Image generated successfully
[2026-02-26 00:26:50] Uploading to WhatsApp...
🚀 Starting WhatsApp client...
📂 Auth directory: /home/daniswastaken/dailyearly/auth_info
🖼️ Image path: /home/daniswastaken/dailyearly/final_status.jpg
✅ Connected to WhatsApp!
👤 Authenticated as: Danis Handaru (6285117574096)
📤 Preparing to post status...
📸 Reading image file...
✅ Media prepared
🧹 Clearing text status...
🚀 Sending media to status@broadcast...
✅ Status posted successfully! Message ID: 3EB0B1CE22CCE772795620
😴 Waiting 5 seconds before closing...
👋 Closing client...
[2026-02-26 00:27:19] Status posted successfully!
[2026-02-26 00:27:19] ==========================================
[2026-02-27 00:00:02] ==========================================
[2026-02-27 00:00:02] Starting daily status update
[2026-02-27 00:00:02] Sleeping for 1365 seconds to randomize post time...
[2026-02-27 00:22:47] Generating status image...
Generated: /home/daniswastaken/dailyearly/final_status.jpg
Year Progress: 15.62%
[2026-02-27 00:22:47] Image generated successfully
[2026-02-27 00:22:47] Uploading to WhatsApp...
🚀 Starting WhatsApp client...
📂 Auth directory: /home/daniswastaken/dailyearly/auth_info
🖼️ Image path: /home/daniswastaken/dailyearly/final_status.jpg
✅ Connected to WhatsApp!
👤 Authenticated as: Danis Handaru (6285117574096)
📤 Preparing to post status...
📸 Reading image file...
✅ Media prepared
🧹 Clearing text status...
🚀 Sending media to status@broadcast...
✅ Status posted successfully! Message ID: 3EB0696B161CA841A46177
😴 Waiting 5 seconds before closing...
👋 Closing client...
[2026-02-27 00:23:04] Status posted successfully!
[2026-02-27 00:23:04] ==========================================
[2026-02-28 00:00:01] ==========================================
[2026-02-28 00:00:01] Starting daily status update
[2026-02-28 00:00:01] Sleeping for 1774 seconds to randomize post time...
[2026-02-28 00:29:35] Generating status image...
Generated: /home/daniswastaken/dailyearly/final_status.jpg
Year Progress: 15.90%
[2026-02-28 00:29:35] Image generated successfully
[2026-02-28 00:29:35] Uploading to WhatsApp...
🚀 Starting WhatsApp client...
📂 Auth directory: /home/daniswastaken/dailyearly/auth_info
🖼️ Image path: /home/daniswastaken/dailyearly/final_status.jpg
✅ Connected to WhatsApp!
👤 Authenticated as: Danis Handaru (6285117574096)
📤 Preparing to post status...
📸 Reading image file...
✅ Media prepared
🧹 Clearing text status...
🚀 Sending media to status@broadcast...
✅ Status posted successfully! Message ID: 3EB07A4103F693BA4A48BC
😴 Waiting 5 seconds before closing...
👋 Closing client...
[2026-02-28 00:30:02] Status posted successfully!
[2026-02-28 00:30:02] ==========================================
[2026-03-01 00:00:02] ==========================================
[2026-03-01 00:00:02] Starting daily status update
[2026-03-01 00:00:02] Sleeping for 2639 seconds to randomize post time...
[2026-03-01 00:44:01] Generating status image...
Generated: /home/daniswastaken/dailyearly/final_status.jpg
Year Progress: 16.17%
[2026-03-01 00:44:01] Image generated successfully
[2026-03-01 00:44:01] Uploading to WhatsApp...
🚀 Starting WhatsApp client...
📂 Auth directory: /home/daniswastaken/dailyearly/auth_info
🖼️ Image path: /home/daniswastaken/dailyearly/final_status.jpg
✅ Connected to WhatsApp!
👤 Authenticated as: Danis Handaru (6285117574096)
📤 Preparing to post status...
📸 Reading image file...
✅ Media prepared
🧹 Clearing text status...
✅ Connected to WhatsApp!
👤 Authenticated as: Danis Handaru (6285117574096)
📤 Preparing to post status...
📸 Reading image file...
✅ Media prepared
🧹 Clearing text status...
✅ Connected to WhatsApp!
👤 Authenticated as: Danis Handaru (6285117574096)
📤 Preparing to post status...
📸 Reading image file...
✅ Media prepared
🧹 Clearing text status...
✅ Connected to WhatsApp!
👤 Authenticated as: Danis Handaru (6285117574096)
📤 Preparing to post status...
📸 Reading image file...
✅ Media prepared
🧹 Clearing text status...
❌ Failed to post status!
❌ Error Name: Error
❌ Error Message: [comms] sendIq called before startComms
❌ Stack Trace:
 Error: [comms] sendIq called before startComms
    at #evaluate (/home/daniswastaken/dailyearly/node_modules/puppeteer-core/lib/cjs/puppeteer/cdp/ExecutionContext.js:391:56)
    at async ExecutionContext.evaluate (/home/daniswastaken/dailyearly/node_modules/puppeteer-core/lib/cjs/puppeteer/cdp/ExecutionContext.js:277:16)
    at async IsolatedWorld.evaluate (/home/daniswastaken/dailyearly/node_modules/puppeteer-core/lib/cjs/puppeteer/cdp/IsolatedWorld.js:100:16)
    at async CdpFrame.evaluate (/home/daniswastaken/dailyearly/node_modules/puppeteer-core/lib/cjs/puppeteer/api/Frame.js:362:20)
    at async CdpPage.evaluate (/home/daniswastaken/dailyearly/node_modules/puppeteer-core/lib/cjs/puppeteer/api/Page.js:826:20)
    at async Client.setStatus (/home/daniswastaken/dailyearly/node_modules/whatsapp-web.js/src/Client.js:1394:9)
    at async Client.<anonymous> (/home/daniswastaken/dailyearly/upload.js:84:9)
    at <anonymous> (https://static.whatsapp.net/rsrc.php/v4iNNx4/yM/l/en_US-j/BcMEPdjFinHs-i7jL2ub_sJ7jgr_N_Myq7-9SoeFRa6OiCuiP1z15ul.js:1210:2896)
    at <anonymous> (https://static.whatsapp.net/rsrc.php/v4iIyM4/yy/l/en_US-j/GrJNbuP1VVczNWHqs3XeI9SntdXyTPo0LG7LvYerdi4WN3euuTkbL3NXqSVP3llD5IPs_0LoUgtPqpAHFRPBXO1Lk5bskfO8EcD1lcwzsTPdSoh5sK4SPLWgpFBCgiAjEnS33MbnvyTEmgMleG0f6O3QccFrdV-YRrsRlYc-on4X7d_4ESXiZPB041-D_f7TMw0gr5QwWjJ9pw2ToqLHCXmPk0ZWRkWb_niFYH6DeeEYzqBD7diaOT-AM3iDhfEJS9CKgVIGAvwFbkQoLFxAzi2ixsiWe8_WbwwbmiTJyzIQDBbp1AniKuOW04l1PI7v8juB_nzcVG.js:312:705)
    at <anonymous> (https://static.whatsapp.net/rsrc.php/v4/ya/r/rN765f0m1ID.js:106:276)
    at <anonymous> (https://static.whatsapp.net/rsrc.php/v4/ya/r/rN765f0m1ID.js:106:407)
    at i (https://static.whatsapp.net/rsrc.php/v4/ya/r/rN765f0m1ID.js:106:348)
    at l (https://static.whatsapp.net/rsrc.php/v4/ya/r/rN765f0m1ID.js:106:124)
    at <anonymous> (https://static.whatsapp.net/rsrc.php/v4iIyM4/yy/l/en_US-j/GrJNbuP1VVczNWHqs3XeI9SntdXyTPo0LG7LvYerdi4WN3euuTkbL3NXqSVP3llD5IPs_0LoUgtPqpAHFRPBXO1Lk5bskfO8EcD1lcwzsTPdSoh5sK4SPLWgpFBCgiAjEnS33MbnvyTEmgMleG0f6O3QccFrdV-YRrsRlYc-on4X7d_4ESXiZPB041-D_f7TMw0gr5QwWjJ9pw2ToqLHCXmPk0ZWRkWb_niFYH6DeeEYzqBD7diaOT-AM3iDhfEJS9CKgVIGAvwFbkQoLFxAzi2ixsiWe8_WbwwbmiTJyzIQDBbp1AniKuOW04l1PI7v8juB_nzcVG.js:312:602)
    at u (https://static.whatsapp.net/rsrc.php/v4iNNx4/yM/l/en_US-j/BcMEPdjFinHs-i7jL2ub_sJ7jgr_N_Myq7-9SoeFRa6OiCuiP1z15ul.js:1203:189)
    at ue (https://static.whatsapp.net/rsrc.php/v4/yT/r/To0YRSj3706.js:59:14174)
❌ Failed to post status!
❌ Error Name: TargetCloseError
❌ Error Message: Protocol error (Runtime.callFunctionOn): Target closed
❌ Stack Trace:
 TargetCloseError: Protocol error (Runtime.callFunctionOn): Target closed
    at CallbackRegistry.clear (/home/daniswastaken/dailyearly/node_modules/puppeteer-core/lib/cjs/puppeteer/common/CallbackRegistry.js:82:36)
    at CdpCDPSession.onClosed (/home/daniswastaken/dailyearly/node_modules/puppeteer-core/lib/cjs/puppeteer/cdp/CdpSession.js:115:25)
    at Connection.onMessage (/home/daniswastaken/dailyearly/node_modules/puppeteer-core/lib/cjs/puppeteer/cdp/Connection.js:149:25)
    at WebSocket.<anonymous> (/home/daniswastaken/dailyearly/node_modules/puppeteer-core/lib/cjs/puppeteer/node/NodeWebSocketTransport.js:43:32)
    at callListener (/home/daniswastaken/dailyearly/node_modules/ws/lib/event-target.js:290:14)
    at WebSocket.onMessage (/home/daniswastaken/dailyearly/node_modules/ws/lib/event-target.js:209:9)
    at WebSocket.emit (node:events:508:28)
    at Receiver.receiverOnMessage (/home/daniswastaken/dailyearly/node_modules/ws/lib/websocket.js:1225:20)
    at Receiver.emit (node:events:508:28)
    at Immediate.<anonymous> (/home/daniswastaken/dailyearly/node_modules/ws/lib/receiver.js:601:16)
    at process.processImmediate (node:internal/timers:504:21)
❌ Failed to post status!
❌ Error Name: TargetCloseError
❌ Error Message: Protocol error (Runtime.callFunctionOn): Target closed
❌ Stack Trace:
 TargetCloseError: Protocol error (Runtime.callFunctionOn): Target closed
    at CallbackRegistry.clear (/home/daniswastaken/dailyearly/node_modules/puppeteer-core/lib/cjs/puppeteer/common/CallbackRegistry.js:82:36)
    at CdpCDPSession.onClosed (/home/daniswastaken/dailyearly/node_modules/puppeteer-core/lib/cjs/puppeteer/cdp/CdpSession.js:115:25)
    at Connection.onMessage (/home/daniswastaken/dailyearly/node_modules/puppeteer-core/lib/cjs/puppeteer/cdp/Connection.js:149:25)
    at WebSocket.<anonymous> (/home/daniswastaken/dailyearly/node_modules/puppeteer-core/lib/cjs/puppeteer/node/NodeWebSocketTransport.js:43:32)
    at callListener (/home/daniswastaken/dailyearly/node_modules/ws/lib/event-target.js:290:14)
    at WebSocket.onMessage (/home/daniswastaken/dailyearly/node_modules/ws/lib/event-target.js:209:9)
    at WebSocket.emit (node:events:508:28)
    at Receiver.receiverOnMessage (/home/daniswastaken/dailyearly/node_modules/ws/lib/websocket.js:1225:20)
    at Receiver.emit (node:events:508:28)
    at Immediate.<anonymous> (/home/daniswastaken/dailyearly/node_modules/ws/lib/receiver.js:601:16)
    at process.processImmediate (node:internal/timers:504:21)
❌ Failed to post status!
❌ Error Name: TargetCloseError
❌ Error Message: Protocol error (Runtime.callFunctionOn): Target closed
❌ Stack Trace:
 TargetCloseError: Protocol error (Runtime.callFunctionOn): Target closed
    at CallbackRegistry.clear (/home/daniswastaken/dailyearly/node_modules/puppeteer-core/lib/cjs/puppeteer/common/CallbackRegistry.js:82:36)
    at CdpCDPSession.onClosed (/home/daniswastaken/dailyearly/node_modules/puppeteer-core/lib/cjs/puppeteer/cdp/CdpSession.js:115:25)
    at Connection.onMessage (/home/daniswastaken/dailyearly/node_modules/puppeteer-core/lib/cjs/puppeteer/cdp/Connection.js:149:25)
    at WebSocket.<anonymous> (/home/daniswastaken/dailyearly/node_modules/puppeteer-core/lib/cjs/puppeteer/node/NodeWebSocketTransport.js:43:32)
    at callListener (/home/daniswastaken/dailyearly/node_modules/ws/lib/event-target.js:290:14)
    at WebSocket.onMessage (/home/daniswastaken/dailyearly/node_modules/ws/lib/event-target.js:209:9)
    at WebSocket.emit (node:events:508:28)
    at Receiver.receiverOnMessage (/home/daniswastaken/dailyearly/node_modules/ws/lib/websocket.js:1225:20)
    at Receiver.emit (node:events:508:28)
    at Immediate.<anonymous> (/home/daniswastaken/dailyearly/node_modules/ws/lib/receiver.js:601:16)
    at process.processImmediate (node:internal/timers:504:21)
[2026-03-01 08:09:55] Status posted successfully!
[2026-03-01 08:09:55] ==========================================
[2026-03-02 00:00:01] ==========================================
[2026-03-02 00:00:01] Starting daily status update
[2026-03-02 00:00:01] Sleeping for 611 seconds to randomize post time...
[2026-03-02 00:10:12] Generating status image...
Generated: /home/daniswastaken/dailyearly/final_status.jpg
Year Progress: 16.44%
[2026-03-02 00:10:13] Image generated successfully
[2026-03-02 00:10:13] Uploading to WhatsApp...
🚀 Starting WhatsApp client...
📂 Auth directory: /home/daniswastaken/dailyearly/auth_info
🖼️ Image path: /home/daniswastaken/dailyearly/final_status.jpg
✅ Connected to WhatsApp!
👤 Authenticated as: Danis Handaru (6285117574096)
📤 Preparing to post status...
📸 Reading image file...
✅ Media prepared
🧹 Clearing text status...
❌ Failed to post status!
❌ Error Name: ProtocolError
❌ Error Message: Runtime.callFunctionOn timed out. Increase the 'protocolTimeout' setting in launch/connect calls for a higher timeout if needed.
❌ Stack Trace:
 ProtocolError: Runtime.callFunctionOn timed out. Increase the 'protocolTimeout' setting in launch/connect calls for a higher timeout if needed.
    at <instance_members_initializer> (/home/daniswastaken/dailyearly/node_modules/puppeteer-core/lib/cjs/puppeteer/common/CallbackRegistry.js:103:14)
    at new Callback (/home/daniswastaken/dailyearly/node_modules/puppeteer-core/lib/cjs/puppeteer/common/CallbackRegistry.js:107:16)
    at CallbackRegistry.create (/home/daniswastaken/dailyearly/node_modules/puppeteer-core/lib/cjs/puppeteer/common/CallbackRegistry.js:25:26)
    at Connection._rawSend (/home/daniswastaken/dailyearly/node_modules/puppeteer-core/lib/cjs/puppeteer/cdp/Connection.js:108:26)
    at CdpCDPSession.send (/home/daniswastaken/dailyearly/node_modules/puppeteer-core/lib/cjs/puppeteer/cdp/CdpSession.js:74:33)
    at #evaluate (/home/daniswastaken/dailyearly/node_modules/puppeteer-core/lib/cjs/puppeteer/cdp/ExecutionContext.js:363:50)
    at ExecutionContext.evaluate (/home/daniswastaken/dailyearly/node_modules/puppeteer-core/lib/cjs/puppeteer/cdp/ExecutionContext.js:277:36)
    at IsolatedWorld.evaluate (/home/daniswastaken/dailyearly/node_modules/puppeteer-core/lib/cjs/puppeteer/cdp/IsolatedWorld.js:100:30)
    at CdpFrame.evaluate (/home/daniswastaken/dailyearly/node_modules/puppeteer-core/lib/cjs/puppeteer/api/Frame.js:362:43)
    at CdpFrame.<anonymous> (/home/daniswastaken/dailyearly/node_modules/puppeteer-core/lib/cjs/puppeteer/util/decorators.js:109:27)
    at CdpPage.evaluate (/home/daniswastaken/dailyearly/node_modules/puppeteer-core/lib/cjs/puppeteer/api/Page.js:826:43)
    at Client.setStatus (/home/daniswastaken/dailyearly/node_modules/whatsapp-web.js/src/Client.js:1394:28)
    at Client.<anonymous> (/home/daniswastaken/dailyearly/upload.js:84:22)
    at Client.emit (node:events:508:28)
    at Binding.<anonymous> (/home/daniswastaken/dailyearly/node_modules/whatsapp-web.js/src/Client.js:273:18)
    at async Binding.run (/home/daniswastaken/dailyearly/node_modules/puppeteer-core/lib/cjs/puppeteer/cdp/Binding.js:132:32)
[2026-03-02 00:14:28] Status posted successfully!
[2026-03-02 00:14:28] ==========================================
[2026-03-02 14:24:28] ==========================================
[2026-03-02 14:24:28] Starting daily status update
[2026-03-02 14:24:28] Sleeping for 3403 seconds to randomize post time...
[2026-03-02 14:24:53] ==========================================
[2026-03-02 14:24:53] Starting daily status update
[2026-03-02 14:24:53] Sleeping for 3364 seconds to randomize post time...
[2026-03-02 14:24:58] ==========================================
[2026-03-02 14:24:58] Starting daily status update
[2026-03-02 14:24:58] Sleeping for 2492 seconds to randomize post time...
[2026-03-02 14:25:04] ==========================================
[2026-03-02 14:25:04] Starting daily status update
[2026-03-02 14:25:04] Sleeping for 317 seconds to randomize post time...
[2026-03-02 14:30:21] Generating status image...
Generated: /home/daniswastaken/dailyearly/final_status.jpg
Year Progress: 16.60%
[2026-03-02 14:30:21] Image generated successfully
[2026-03-02 14:30:21] Uploading to WhatsApp...
🚀 Starting WhatsApp client...
📂 Auth directory: /home/daniswastaken/dailyearly/auth_info
🖼️ Image path: /home/daniswastaken/dailyearly/final_status.jpg
✅ Connected to WhatsApp!
👤 Authenticated as: Danis Handaru (6285117574096)
📤 Preparing to post status...
📸 Reading image file...
✅ Media prepared
🧹 Clearing text status...
🚀 Sending media to status@broadcast...
✅ Status posted successfully! Message ID: 3EB0812E61894C8872CA59
😴 Waiting 5 seconds before closing...
👋 Closing client...
[2026-03-02 14:30:47] Status posted successfully!
[2026-03-02 14:30:47] ==========================================
[2026-03-03 00:00:02] ==========================================
[2026-03-03 00:00:02] Starting daily status update
[2026-03-03 00:00:02] Sleeping for 3214 seconds to randomize post time...
[2026-03-03 00:53:36] Generating status image...
Generated: /home/daniswastaken/dailyearly/final_status.jpg
Year Progress: 16.72%
[2026-03-03 00:53:36] Image generated successfully
[2026-03-03 00:53:36] Uploading to WhatsApp...
🚀 Starting WhatsApp client...
📂 Auth directory: /home/daniswastaken/dailyearly/auth_info
🖼️ Image path: /home/daniswastaken/dailyearly/final_status.jpg
✅ Connected to WhatsApp!
👤 Authenticated as: Danis Handaru (6285117574096)
📤 Preparing to post status...
📸 Reading image file...
✅ Media prepared
🧹 Clearing text status...
🚀 Sending media to status@broadcast...
✅ Status posted successfully! Message ID: 3EB0980ADAC3E0D9966D62
😴 Waiting 5 seconds before closing...
👋 Closing client...
[2026-03-03 00:54:02] Status posted successfully!
[2026-03-03 00:54:02] ==========================================
[2026-03-05 00:00:02] ==========================================
[2026-03-05 00:00:02] Starting daily status update
[2026-03-05 00:00:02] Sleeping for 1405 seconds to randomize post time...
[2026-03-05 00:23:27] Generating status image...
Generated: /home/daniswastaken/dailyearly/final_status.jpg
Year Progress: 17.26%
[2026-03-05 00:23:27] Image generated successfully
[2026-03-05 00:23:27] Uploading to WhatsApp...
🚀 Starting WhatsApp client...
📂 Auth directory: /home/daniswastaken/dailyearly/auth_info
🖼️ Image path: /home/daniswastaken/dailyearly/final_status.jpg
✅ Connected to WhatsApp!
👤 Authenticated as: Danis Handaru (6285117574096)
📤 Preparing to post status...
📸 Reading image file...
✅ Media prepared
🧹 Clearing text status...
🚀 Sending media to status@broadcast...
✅ Status posted successfully! Message ID: 3EB073A264B25A4890528D
😴 Waiting 5 seconds before closing...
👋 Closing client...
[2026-03-05 00:24:02] Status posted successfully!
[2026-03-05 00:24:02] ==========================================
[2026-03-06 00:00:01] ==========================================
[2026-03-06 00:00:01] Starting daily status update
[2026-03-06 00:00:01] Sleeping for 153 seconds to randomize post time...
[2026-03-06 00:02:34] Generating status image...
Generated: /home/daniswastaken/dailyearly/final_status.jpg
Year Progress: 17.53%
[2026-03-06 00:02:34] Image generated successfully
[2026-03-06 00:02:34] Uploading to WhatsApp...
🚀 Starting WhatsApp client...
📂 Auth directory: /home/daniswastaken/dailyearly/auth_info
🖼️ Image path: /home/daniswastaken/dailyearly/final_status.jpg
✅ Connected to WhatsApp!
👤 Authenticated as: Danis Handaru (6285117574096)
📤 Preparing to post status...
📸 Reading image file...
✅ Media prepared
🧹 Clearing text status...
🚀 Sending media to status@broadcast...
✅ Status posted successfully! Message ID: 3EB0DA0DA34982C91E4039
😴 Waiting 5 seconds before closing...
👋 Closing client...
[2026-03-06 00:03:01] Status posted successfully!
[2026-03-06 00:03:01] ==========================================
[2026-03-07 00:00:02] ==========================================
[2026-03-07 00:00:02] Starting daily status update
[2026-03-07 00:00:02] Sleeping for 3335 seconds to randomize post time...
[2026-03-07 00:55:37] Generating status image...
Generated: /home/daniswastaken/dailyearly/final_status.jpg
Year Progress: 17.82%
[2026-03-07 00:55:37] Image generated successfully
[2026-03-07 00:55:37] Uploading to WhatsApp...
🚀 Starting WhatsApp client...
📂 Auth directory: /home/daniswastaken/dailyearly/auth_info
🖼️ Image path: /home/daniswastaken/dailyearly/final_status.jpg
✅ Connected to WhatsApp!
👤 Authenticated as: Danis Handaru (6285117574096)
📤 Preparing to post status...
📸 Reading image file...
✅ Media prepared
🧹 Clearing text status...
🚀 Sending media to status@broadcast...
✅ Status posted successfully! Message ID: 3EB0C62819AF615E7B0C47
😴 Waiting 5 seconds before closing...
👋 Closing client...
[2026-03-07 00:55:53] Status posted successfully!
[2026-03-07 00:55:53] ==========================================
[2026-03-08 00:00:01] ==========================================
[2026-03-08 00:00:01] Starting daily status update
[2026-03-08 00:00:01] Sleeping for 1065 seconds to randomize post time...
[2026-03-08 00:17:46] Generating status image...
Generated: /home/daniswastaken/dailyearly/final_status.jpg
Year Progress: 18.09%
[2026-03-08 00:17:47] Image generated successfully
[2026-03-08 00:17:47] Uploading to WhatsApp...
🚀 Starting WhatsApp client...
📂 Auth directory: /home/daniswastaken/dailyearly/auth_info
🖼️ Image path: /home/daniswastaken/dailyearly/final_status.jpg
✅ Connected to WhatsApp!
👤 Authenticated as: Danis Handaru (6285117574096)
📤 Preparing to post status...
📸 Reading image file...
✅ Media prepared
🧹 Clearing text status...
🚀 Sending media to status@broadcast...
✅ Status posted successfully! Message ID: 3EB059A1AC8E8C73B495F4
😴 Waiting 5 seconds before closing...
👋 Closing client...
[2026-03-08 00:18:12] Status posted successfully!
[2026-03-08 00:18:12] ==========================================
[2026-03-09 00:00:01] ==========================================
[2026-03-09 00:00:01] Starting daily status update
[2026-03-09 00:00:01] Sleeping for 1725 seconds to randomize post time...
[2026-03-09 00:28:46] Generating status image...
Generated: /home/daniswastaken/dailyearly/final_status.jpg
Year Progress: 18.36%
[2026-03-09 00:28:46] Image generated successfully
[2026-03-09 00:28:46] Uploading to WhatsApp...
🚀 Starting WhatsApp client...
📂 Auth directory: /home/daniswastaken/dailyearly/auth_info
🖼️ Image path: /home/daniswastaken/dailyearly/final_status.jpg
✅ Connected to WhatsApp!
👤 Authenticated as: Danis Handaru (6285117574096)
📤 Preparing to post status...
📸 Reading image file...
✅ Media prepared
🧹 Clearing text status...
🚀 Sending media to status@broadcast...
✅ Status posted successfully! Message ID: 3EB047BB90BC6B82C1598B
😴 Waiting 5 seconds before closing...
👋 Closing client...
[2026-03-09 00:29:15] Status posted successfully!
[2026-03-09 00:29:15] ==========================================
[2026-03-10 00:00:02] ==========================================
[2026-03-10 00:00:02] Starting daily status update
[2026-03-10 00:00:02] Sleeping for 2801 seconds to randomize post time...
[2026-03-10 00:46:43] Generating status image...
Generated: /home/daniswastaken/dailyearly/final_status.jpg
Year Progress: 18.64%
[2026-03-10 00:46:43] Image generated successfully
[2026-03-10 00:46:43] Uploading to WhatsApp...
🚀 Starting WhatsApp client...
📂 Auth directory: /home/daniswastaken/dailyearly/auth_info
🖼️ Image path: /home/daniswastaken/dailyearly/final_status.jpg
✅ Connected to WhatsApp!
👤 Authenticated as: Danis Handaru (6285117574096)
📤 Preparing to post status...
📸 Reading image file...
✅ Media prepared
🧹 Clearing text status...
🚀 Sending media to status@broadcast...
✅ Status posted successfully! Message ID: 3EB0D1C5ED515D6914F6BF
😴 Waiting 5 seconds before closing...
👋 Closing client...
[2026-03-10 00:47:41] Status posted successfully!
[2026-03-10 00:47:41] ==========================================
[2026-03-11 00:00:01] ==========================================
[2026-03-11 00:00:01] Starting daily status update
[2026-03-11 00:00:01] Sleeping for 3580 seconds to randomize post time...
[2026-03-11 00:59:41] Generating status image...
Generated: /home/daniswastaken/dailyearly/final_status.jpg
Year Progress: 18.92%
[2026-03-11 00:59:41] Image generated successfully
[2026-03-11 00:59:41] Uploading to WhatsApp...
🚀 Starting WhatsApp client...
📂 Auth directory: /home/daniswastaken/dailyearly/auth_info
🖼️ Image path: /home/daniswastaken/dailyearly/final_status.jpg
✅ Connected to WhatsApp!
👤 Authenticated as: Danis Handaru (6285117574096)
📤 Preparing to post status...
📸 Reading image file...
✅ Media prepared
🧹 Clearing text status...
🚀 Sending media to status@broadcast...
✅ Status posted successfully! Message ID: 3EB0EE92526BF6859992A9
😴 Waiting 5 seconds before closing...
👋 Closing client...
[2026-03-11 01:00:26] Status posted successfully!
[2026-03-11 01:00:26] ==========================================
[2026-03-12 00:00:01] ==========================================
[2026-03-12 00:00:01] Starting daily status update
[2026-03-12 00:00:01] Sleeping for 1590 seconds to randomize post time...
[2026-03-12 00:26:31] Generating status image...
Generated: /home/daniswastaken/dailyearly/final_status.jpg
Year Progress: 19.18%
[2026-03-12 00:26:31] Image generated successfully
[2026-03-12 00:26:31] Uploading to WhatsApp...
🚀 Starting WhatsApp client...
📂 Auth directory: /home/daniswastaken/dailyearly/auth_info
🖼️ Image path: /home/daniswastaken/dailyearly/final_status.jpg
✅ Connected to WhatsApp!
👤 Authenticated as: Danis Handaru (6285117574096)
📤 Preparing to post status...
📸 Reading image file...
✅ Media prepared
🧹 Clearing text status...
🚀 Sending media to status@broadcast...
✅ Status posted successfully! Message ID: 3EB0790066A6CD377AD665
😴 Waiting 5 seconds before closing...
👋 Closing client...
[2026-03-12 00:27:07] Status posted successfully!
[2026-03-12 00:27:07] ==========================================
[2026-03-13 00:00:01] ==========================================
[2026-03-13 00:00:01] Starting daily status update
[2026-03-13 00:00:01] Sleeping for 1949 seconds to randomize post time...
[2026-03-13 00:32:30] Generating status image...
Generated: /home/daniswastaken/dailyearly/final_status.jpg
Year Progress: 19.46%
[2026-03-13 00:32:30] Image generated successfully
[2026-03-13 00:32:30] Uploading to WhatsApp...
🚀 Starting WhatsApp client...
📂 Auth directory: /home/daniswastaken/dailyearly/auth_info
🖼️ Image path: /home/daniswastaken/dailyearly/final_status.jpg
✅ Connected to WhatsApp!
👤 Authenticated as: Danis Handaru (6285117574096)
📤 Preparing to post status...
📸 Reading image file...
✅ Media prepared
🧹 Clearing text status...
🚀 Sending media to status@broadcast...
✅ Status posted successfully! Message ID: 3EB03399F4B3DA11A9F1D7
😴 Waiting 5 seconds before closing...
👋 Closing client...
[2026-03-13 00:33:19] Status posted successfully!
[2026-03-13 00:33:19] ==========================================
[2026-03-14 00:00:01] ==========================================
[2026-03-14 00:00:01] Starting daily status update
[2026-03-14 00:00:01] Sleeping for 232 seconds to randomize post time...
[2026-03-14 00:03:53] Generating status image...
Generated: /home/daniswastaken/dailyearly/final_status.jpg
Year Progress: 19.73%
[2026-03-14 00:03:54] Image generated successfully
[2026-03-14 00:03:54] Uploading to WhatsApp...
🚀 Starting WhatsApp client...
📂 Auth directory: /home/daniswastaken/dailyearly/auth_info
🖼️ Image path: /home/daniswastaken/dailyearly/final_status.jpg
✅ Connected to WhatsApp!
👤 Authenticated as: Danis Handaru (6285117574096)
📤 Preparing to post status...
📸 Reading image file...
✅ Media prepared
🧹 Clearing text status...
🚀 Sending media to status@broadcast...
✅ Status posted successfully! Message ID: 3EB07D316D1A2D322BF56E
😴 Waiting 5 seconds before closing...
👋 Closing client...
[2026-03-14 00:04:32] Status posted successfully!
[2026-03-14 00:04:32] ==========================================
[2026-03-15 00:00:01] ==========================================
[2026-03-15 00:00:01] Starting daily status update
[2026-03-15 00:00:01] Sleeping for 1217 seconds to randomize post time...
[2026-03-15 00:20:18] Generating status image...
Generated: /home/daniswastaken/dailyearly/final_status.jpg
Year Progress: 20.00%
[2026-03-15 00:20:18] Image generated successfully
[2026-03-15 00:20:18] Uploading to WhatsApp...
🚀 Starting WhatsApp client...
📂 Auth directory: /home/daniswastaken/dailyearly/auth_info
🖼️ Image path: /home/daniswastaken/dailyearly/final_status.jpg
✅ Connected to WhatsApp!
👤 Authenticated as: Danis Handaru (6285117574096)
📤 Preparing to post status...
📸 Reading image file...
✅ Media prepared
🧹 Clearing text status...
🚀 Sending media to status@broadcast...
✅ Status posted successfully! Message ID: 3EB0E10BBE92CD7A0A9615
😴 Waiting 5 seconds before closing...
👋 Closing client...
[2026-03-15 00:21:13] Status posted successfully!
[2026-03-15 00:21:13] ==========================================
[2026-03-16 00:00:01] ==========================================
[2026-03-16 00:00:01] Starting daily status update
[2026-03-16 00:00:01] Sleeping for 3317 seconds to randomize post time...
[2026-03-16 00:55:18] Generating status image...
Generated: /home/daniswastaken/dailyearly/final_status.jpg
Year Progress: 20.28%
[2026-03-16 00:55:18] Image generated successfully
[2026-03-16 00:55:18] Uploading to WhatsApp...
🚀 Starting WhatsApp client...
📂 Auth directory: /home/daniswastaken/dailyearly/auth_info
🖼️ Image path: /home/daniswastaken/dailyearly/final_status.jpg
✅ Connected to WhatsApp!
👤 Authenticated as: Danis Handaru (6285117574096)
📤 Preparing to post status...
📸 Reading image file...
✅ Media prepared
🧹 Clearing text status...
🚀 Sending media to status@broadcast...
✅ Status posted successfully! Message ID: 3EB0E21081C7554201194E
😴 Waiting 5 seconds before closing...
👋 Closing client...
[2026-03-16 00:56:13] Status posted successfully!
[2026-03-16 00:56:13] ==========================================
[2026-03-17 00:00:01] ==========================================
[2026-03-17 00:00:01] Starting daily status update
[2026-03-17 00:00:01] Sleeping for 2238 seconds to randomize post time...
[2026-03-17 00:37:19] Generating status image...
Generated: /home/daniswastaken/dailyearly/final_status.jpg
Year Progress: 20.56%
[2026-03-17 00:37:19] Image generated successfully
[2026-03-17 00:37:19] Uploading to WhatsApp...
🚀 Starting WhatsApp client...
📂 Auth directory: /home/daniswastaken/dailyearly/auth_info
🖼️ Image path: /home/daniswastaken/dailyearly/final_status.jpg
✅ Connected to WhatsApp!
👤 Authenticated as: Danis Handaru (6285117574096)
📤 Preparing to post status...
📸 Reading image file...
✅ Media prepared
🧹 Clearing text status...
🚀 Sending media to status@broadcast...
✅ Status posted successfully! Message ID: 3EB0CB7215C351D7BE8149
😴 Waiting 5 seconds before closing...
👋 Closing client...
[2026-03-17 00:37:59] Status posted successfully!
[2026-03-17 00:37:59] ==========================================
[2026-03-18 00:00:01] ==========================================
[2026-03-18 00:00:01] Starting daily status update
[2026-03-18 00:00:01] Sleeping for 118 seconds to randomize post time...
[2026-03-18 00:01:59] Generating status image...
Generated: /home/daniswastaken/dailyearly/final_status.jpg
Year Progress: 20.82%
[2026-03-18 00:01:59] Image generated successfully
[2026-03-18 00:01:59] Uploading to WhatsApp...
🚀 Starting WhatsApp client...
📂 Auth directory: /home/daniswastaken/dailyearly/auth_info
🖼️ Image path: /home/daniswastaken/dailyearly/final_status.jpg
✅ Connected to WhatsApp!
👤 Authenticated as: Danis Handaru (6285117574096)
📤 Preparing to post status...
📸 Reading image file...
✅ Media prepared
🧹 Clearing text status...
🚀 Sending media to status@broadcast...
✅ Status posted successfully! Message ID: 3EB04B3E0F94634722F6A8
😴 Waiting 5 seconds before closing...
👋 Closing client...
[2026-03-18 00:02:56] Status posted successfully!
[2026-03-18 00:02:56] ==========================================
[2026-03-26 00:00:01] ==========================================
[2026-03-26 00:00:01] Starting daily status update
[2026-03-26 00:00:01] Sleeping for 3493 seconds to randomize post time...
[2026-03-26 00:58:14] Generating status image...
Generated: /home/daniswastaken/dailyearly/final_status.jpg
Year Progress: 23.02%
[2026-03-26 00:58:14] Image generated successfully
[2026-03-26 00:58:14] Uploading to WhatsApp...
🚀 Starting WhatsApp client...
📂 Auth directory: /home/daniswastaken/dailyearly/auth_info
🖼️ Image path: /home/daniswastaken/dailyearly/final_status.jpg
✅ Connected to WhatsApp!
👤 Authenticated as: Danis Handaru (6285117574096)
📤 Preparing to post status...
📸 Reading image file...
✅ Media prepared
🧹 Clearing text status...
🚀 Sending media to status@broadcast...
✅ Status posted successfully! Message ID: 3EB0B8E959F754D35477A4
😴 Waiting 5 seconds before closing...
👋 Closing client...
/home/daniswastaken/dailyearly/node_modules/puppeteer-core/lib/cjs/puppeteer/common/CallbackRegistry.js:82
            this._reject(callback, new Errors_js_1.TargetCloseError('Target closed'));
                                   ^

TargetCloseError: Protocol error (Runtime.callFunctionOn): Target closed
    at CallbackRegistry.clear (/home/daniswastaken/dailyearly/node_modules/puppeteer-core/lib/cjs/puppeteer/common/CallbackRegistry.js:82:36)
    at CdpCDPSession.onClosed (/home/daniswastaken/dailyearly/node_modules/puppeteer-core/lib/cjs/puppeteer/cdp/CdpSession.js:115:25)
    at Connection.onMessage (/home/daniswastaken/dailyearly/node_modules/puppeteer-core/lib/cjs/puppeteer/cdp/Connection.js:149:25)
    at WebSocket.<anonymous> (/home/daniswastaken/dailyearly/node_modules/puppeteer-core/lib/cjs/puppeteer/node/NodeWebSocketTransport.js:43:32)
    at callListener (/home/daniswastaken/dailyearly/node_modules/ws/lib/event-target.js:290:14)
    at WebSocket.onMessage (/home/daniswastaken/dailyearly/node_modules/ws/lib/event-target.js:209:9)
    at WebSocket.emit (node:events:508:28)
    at Receiver.receiverOnMessage (/home/daniswastaken/dailyearly/node_modules/ws/lib/websocket.js:1225:20)
    at Receiver.emit (node:events:508:28)
    at Immediate.<anonymous> (/home/daniswastaken/dailyearly/node_modules/ws/lib/receiver.js:601:16)
    at process.processImmediate (node:internal/timers:504:21) {
  cause: ProtocolError
      at <instance_members_initializer> (/home/daniswastaken/dailyearly/node_modules/puppeteer-core/lib/cjs/puppeteer/common/CallbackRegistry.js:103:14)
      at new Callback (/home/daniswastaken/dailyearly/node_modules/puppeteer-core/lib/cjs/puppeteer/common/CallbackRegistry.js:107:16)
      at CallbackRegistry.create (/home/daniswastaken/dailyearly/node_modules/puppeteer-core/lib/cjs/puppeteer/common/CallbackRegistry.js:25:26)
      at Connection._rawSend (/home/daniswastaken/dailyearly/node_modules/puppeteer-core/lib/cjs/puppeteer/cdp/Connection.js:108:26)
      at CdpCDPSession.send (/home/daniswastaken/dailyearly/node_modules/puppeteer-core/lib/cjs/puppeteer/cdp/CdpSession.js:74:33)
      at #evaluate (/home/daniswastaken/dailyearly/node_modules/puppeteer-core/lib/cjs/puppeteer/cdp/ExecutionContext.js:363:50)
      at ExecutionContext.evaluate (/home/daniswastaken/dailyearly/node_modules/puppeteer-core/lib/cjs/puppeteer/cdp/ExecutionContext.js:277:36)
      at IsolatedWorld.evaluate (/home/daniswastaken/dailyearly/node_modules/puppeteer-core/lib/cjs/puppeteer/cdp/IsolatedWorld.js:100:30)
      at CdpFrame.evaluate (/home/daniswastaken/dailyearly/node_modules/puppeteer-core/lib/cjs/puppeteer/api/Frame.js:362:43)
      at CdpFrame.<anonymous> (/home/daniswastaken/dailyearly/node_modules/puppeteer-core/lib/cjs/puppeteer/util/decorators.js:109:27)
      at CdpPage.evaluate (/home/daniswastaken/dailyearly/node_modules/puppeteer-core/lib/cjs/puppeteer/api/Page.js:826:43)
      at Client.inject (/home/daniswastaken/dailyearly/node_modules/whatsapp-web.js/src/Client.js:124:55)
      at async /home/daniswastaken/dailyearly/node_modules/whatsapp-web.js/src/Client.js:383:13
}

Node.js v24.13.0
[2026-03-26 00:58:57] Status posted successfully!
[2026-03-26 00:58:57] ==========================================
[2026-03-27 00:00:02] ==========================================
[2026-03-27 00:00:02] Starting daily status update
[2026-03-27 00:00:02] Sleeping for 840 seconds to randomize post time...
[2026-03-27 00:14:02] Generating status image...
Generated: /home/daniswastaken/dailyearly/final_status.jpg
Year Progress: 23.29%
[2026-03-27 00:14:02] Image generated successfully
[2026-03-27 00:14:02] Uploading to WhatsApp...
🚀 Starting WhatsApp client...
📂 Auth directory: /home/daniswastaken/dailyearly/auth_info
🖼️ Image path: /home/daniswastaken/dailyearly/final_status.jpg
✅ Connected to WhatsApp!
👤 Authenticated as: Danis Handaru (6285117574096)
📤 Preparing to post status...
📸 Reading image file...
✅ Media prepared
🧹 Clearing text status...
🚀 Sending media to status@broadcast...
✅ Status posted successfully! Message ID: 3EB0A26F4886B608F0FED2
😴 Waiting 5 seconds before closing...
👋 Closing client...
[2026-03-27 00:14:25] Status posted successfully!
[2026-03-27 00:14:25] ==========================================
[2026-03-28 00:00:01] ==========================================
[2026-03-28 00:00:01] Starting daily status update
[2026-03-28 00:00:01] Sleeping for 803 seconds to randomize post time...
[2026-03-28 00:13:24] Generating status image...
Generated: /home/daniswastaken/dailyearly/final_status.jpg
Year Progress: 23.56%
[2026-03-28 00:13:24] Image generated successfully
[2026-03-28 00:13:24] Uploading to WhatsApp...
🚀 Starting WhatsApp client...
📂 Auth directory: /home/daniswastaken/dailyearly/auth_info
🖼️ Image path: /home/daniswastaken/dailyearly/final_status.jpg
✅ Connected to WhatsApp!
👤 Authenticated as: Danis Handaru (6285117574096)
📤 Preparing to post status...
📸 Reading image file...
✅ Media prepared
🧹 Clearing text status...
🚀 Sending media to status@broadcast...
✅ Status posted successfully! Message ID: 3EB03287FCF2D10FCEDC2E
😴 Waiting 5 seconds before closing...
👋 Closing client...
[2026-03-28 00:13:46] Status posted successfully!
[2026-03-28 00:13:46] ==========================================
[2026-03-29 00:00:01] ==========================================
[2026-03-29 00:00:01] Starting daily status update
[2026-03-29 00:00:01] Sleeping for 3618 seconds to randomize post time...
[2026-03-29 01:00:19] Generating status image...
Generated: /home/daniswastaken/dailyearly/final_status.jpg
Year Progress: 23.85%
[2026-03-29 01:00:19] Image generated successfully
[2026-03-29 01:00:19] Uploading to WhatsApp...
🚀 Starting WhatsApp client...
📂 Auth directory: /home/daniswastaken/dailyearly/auth_info
🖼️ Image path: /home/daniswastaken/dailyearly/final_status.jpg
✅ Connected to WhatsApp!
👤 Authenticated as: Danis Handaru (6285117574096)
📤 Preparing to post status...
📸 Reading image file...
✅ Media prepared
🧹 Clearing text status...
✅ Connected to WhatsApp!
👤 Authenticated as: Danis Handaru (6285117574096)
📤 Preparing to post status...
📸 Reading image file...
✅ Media prepared
🧹 Clearing text status...
✅ Connected to WhatsApp!
👤 Authenticated as: Danis Handaru (6285117574096)
📤 Preparing to post status...
📸 Reading image file...
✅ Media prepared
🧹 Clearing text status...
❌ Failed to post status!
❌ Error Name: t
❌ Error Message: t
❌ Stack Trace:
 t: t
    at #evaluate (/home/daniswastaken/dailyearly/node_modules/puppeteer-core/lib/cjs/puppeteer/cdp/ExecutionContext.js:391:56)
    at async ExecutionContext.evaluate (/home/daniswastaken/dailyearly/node_modules/puppeteer-core/lib/cjs/puppeteer/cdp/ExecutionContext.js:277:16)
    at async IsolatedWorld.evaluate (/home/daniswastaken/dailyearly/node_modules/puppeteer-core/lib/cjs/puppeteer/cdp/IsolatedWorld.js:100:16)
    at async CdpFrame.evaluate (/home/daniswastaken/dailyearly/node_modules/puppeteer-core/lib/cjs/puppeteer/api/Frame.js:362:20)
    at async CdpPage.evaluate (/home/daniswastaken/dailyearly/node_modules/puppeteer-core/lib/cjs/puppeteer/api/Page.js:826:20)
    at async Client.setStatus (/home/daniswastaken/dailyearly/node_modules/whatsapp-web.js/src/Client.js:1394:9)
    at async Client.<anonymous> (/home/daniswastaken/dailyearly/upload.js:84:9)
❌ Failed to post status!
❌ Error Name: t
❌ Error Message: t
❌ Stack Trace:
 t: t
    at #evaluate (/home/daniswastaken/dailyearly/node_modules/puppeteer-core/lib/cjs/puppeteer/cdp/ExecutionContext.js:391:56)
    at async ExecutionContext.evaluate (/home/daniswastaken/dailyearly/node_modules/puppeteer-core/lib/cjs/puppeteer/cdp/ExecutionContext.js:277:16)
    at async IsolatedWorld.evaluate (/home/daniswastaken/dailyearly/node_modules/puppeteer-core/lib/cjs/puppeteer/cdp/IsolatedWorld.js:100:16)
    at async CdpFrame.evaluate (/home/daniswastaken/dailyearly/node_modules/puppeteer-core/lib/cjs/puppeteer/api/Frame.js:362:20)
    at async CdpPage.evaluate (/home/daniswastaken/dailyearly/node_modules/puppeteer-core/lib/cjs/puppeteer/api/Page.js:826:20)
    at async Client.setStatus (/home/daniswastaken/dailyearly/node_modules/whatsapp-web.js/src/Client.js:1394:9)
    at async Client.<anonymous> (/home/daniswastaken/dailyearly/upload.js:84:9)
[2026-03-29 01:00:34] Status posted successfully!
[2026-03-29 01:00:34] ==========================================
[2026-03-30 00:00:01] ==========================================
[2026-03-30 00:00:01] Starting daily status update
[2026-03-30 00:00:01] Sleeping for 183 seconds to randomize post time...
[2026-03-30 00:03:04] Generating status image...
Generated: /home/daniswastaken/dailyearly/final_status.jpg
Year Progress: 24.11%
[2026-03-30 00:03:04] Image generated successfully
[2026-03-30 00:03:04] Uploading to WhatsApp...
🚀 Starting WhatsApp client...
📂 Auth directory: /home/daniswastaken/dailyearly/auth_info
🖼️ Image path: /home/daniswastaken/dailyearly/final_status.jpg
❌ Failed to initialize client: Protocol error (Runtime.callFunctionOn): Execution context was destroyed.
[2026-03-30 00:03:11] Status posted successfully!
[2026-03-30 00:03:11] ==========================================
[2026-03-31 00:00:01] ==========================================
[2026-03-31 00:00:01] Starting daily status update
[2026-03-31 00:00:01] Sleeping for 663 seconds to randomize post time...
[2026-03-31 00:11:04] Generating status image...
Generated: /home/daniswastaken/dailyearly/final_status.jpg
Year Progress: 24.39%
[2026-03-31 00:11:04] Image generated successfully
[2026-03-31 00:11:04] Uploading to WhatsApp...
🚀 Starting WhatsApp client...
📂 Auth directory: /home/daniswastaken/dailyearly/auth_info
🖼️ Image path: /home/daniswastaken/dailyearly/final_status.jpg
❌ Failed to initialize client: Protocol error (Runtime.callFunctionOn): Execution context was destroyed.
[2026-03-31 00:11:11] Status posted successfully!
[2026-03-31 00:11:11] ==========================================
[2026-04-01 00:00:01] ==========================================
[2026-04-01 00:00:01] Starting daily status update
[2026-04-01 00:00:01] Sleeping for 2393 seconds to randomize post time...
[2026-04-01 00:39:55] Generating status image...
Fetching image list from JWST API...
Found 37752 valid image URLs. Picking random and validating...
Attempt 1: Downloading https://jwst-api-cdn.nyc3.cdn.digitaloceanspaces.com/jwst--jw02731001004_02101_00003_nrca1_o001_crf.fits...
-> Rejected: Invalid format (FITS).
Attempt 2: Downloading https://jwst-api-cdn.nyc3.cdn.digitaloceanspaces.com/jwst--jw02732-o001_20220712t181702_image2_469_asn.json...
-> Rejected: File size too small (1.8 KB). Likely noise/data.
Attempt 3: Downloading https://jwst-api-cdn.nyc3.cdn.digitaloceanspaces.com/jwst--jw02732-o001_20220707t230042_image2_361_asn.json...
-> Rejected: File size too small (1.8 KB). Likely noise/data.
Attempt 4: Downloading https://jwst-api-cdn.nyc3.cdn.digitaloceanspaces.com/jwst--jw02733001001_02105_00001_nrcb1_o001_crf.jpg...
-> Accepted! Image is 2048x2048, 576.5 KB. Saving to /home/daniswastaken/dailyearly/downloads/jwst--jw02733001001_02105_00001_nrcb1_o001_crf.jpg...
Generated: /home/daniswastaken/dailyearly/final_status.jpg
Year Progress: 24.67%
[2026-04-01 00:42:04] Image generated successfully
[2026-04-01 00:42:04] Uploading to WhatsApp...
🚀 Starting WhatsApp client...
📂 Auth directory: /home/daniswastaken/dailyearly/auth_info
🖼️ Image path: /home/daniswastaken/dailyearly/final_status.jpg
✅ Connected to WhatsApp!
👤 Authenticated as: Danis Handaru (6285117574096)
📤 Preparing to post status...
📸 Reading image file...
✅ Media prepared
🧹 Clearing text status...
🚀 Sending media to status@broadcast...
✅ Status posted successfully! Message ID: 3EB07020594CACF8B32480
😴 Waiting 5 seconds before closing...
👋 Closing client...
[2026-04-01 00:42:19] Status posted successfully!
[2026-04-01 00:42:19] ==========================================
[2026-04-02 00:00:01] ==========================================
[2026-04-02 00:00:01] Starting daily status update
[2026-04-02 00:00:01] Sleeping for 2471 seconds to randomize post time...
[2026-04-02 00:41:12] Generating status image...
Fetching image from jwst/ directory cycle...
Cycle using image: potw2044a.jpg
Generated: /home/daniswastaken/dailyearly/final_status.jpg
Year Progress: 24.94%
[2026-04-02 00:41:13] Image generated successfully
[2026-04-02 00:41:13] Uploading to WhatsApp...
🚀 Starting WhatsApp client...
📂 Auth directory: /home/daniswastaken/dailyearly/auth_info
🖼️ Image path: /home/daniswastaken/dailyearly/final_status.jpg
✅ Connected to WhatsApp!
👤 Authenticated as: Danis Handaru (6285117574096)
📤 Preparing to post status...
📸 Reading image file...
✅ Media prepared
🧹 Clearing text status...
🚀 Sending media to status@broadcast...
✅ Status posted successfully! Message ID: 3EB0630630ABE9D4A8765E
😴 Waiting 5 seconds before closing...
👋 Closing client...
[2026-04-02 00:41:41] Status posted successfully!
[2026-04-02 00:41:41] ==========================================
[2026-04-03 00:00:01] ==========================================
[2026-04-03 00:00:01] Starting daily status update
[2026-04-03 00:00:01] Sleeping for 811 seconds to randomize post time...
[2026-04-03 00:13:32] Generating status image...
Fetching image from jwst/ directory cycle...
Cycle using image: potw2036a.jpg
Generated: /home/daniswastaken/dailyearly/final_status.jpg
Year Progress: 25.21%
[2026-04-03 00:13:33] Image generated successfully
[2026-04-03 00:13:33] Uploading to WhatsApp...
🚀 Starting WhatsApp client...
📂 Auth directory: /home/daniswastaken/dailyearly/auth_info
🖼️ Image path: /home/daniswastaken/dailyearly/final_status.jpg
✅ Connected to WhatsApp!
👤 Authenticated as: Danis Handaru (6285117574096)
📤 Preparing to post status...
📸 Reading image file...
✅ Media prepared
🧹 Clearing text status...
🚀 Sending media to status@broadcast...
✅ Status posted successfully! Message ID: 3EB02F7474FF0DB4793BE3
😴 Waiting 5 seconds before closing...
👋 Closing client...
[2026-04-03 00:13:57] Status posted successfully!
[2026-04-03 00:13:57] ==========================================
